This is pdfTeX, Version 3.14159265-2.6-1.40.21 (MiKTeX 20.11) (preloaded format=pdflatex 2020.11.13)  22 NOV 2022 15:56
entering extended mode
**./Taborda-Nuñez_JS_Characterization_2022.tex
(Taborda-Nuñez_JS_Characterization_2022.tex
LaTeX2e <2020-10-01> patch level 2
L3 programming layer <2020-10-27> xparse <2020-03-03>
(C:\Users\Windows\AppData\Local\Programs\MiKTeX\tex/latex/base\article.cls
Document Class: article 2020/04/10 v1.4m Standard LaTeX document class
(C:\Users\Windows\AppData\Local\Programs\MiKTeX\tex/latex/base\size12.clo
File: size12.clo 2020/04/10 v1.4m Standard LaTeX file (size option)
)
\c@part=\count175
\c@section=\count176
\c@subsection=\count177
\c@subsubsection=\count178
\c@paragraph=\count179
\c@subparagraph=\count180
\c@figure=\count181
\c@table=\count182
\abovecaptionskip=\skip47
\belowcaptionskip=\skip48
\bibindent=\dimen138
)
(C:\Users\Windows\AppData\Local\Programs\MiKTeX\tex/latex/setspace\setspace.sty
Package: setspace 2011/12/19 v6.7a set line spacing
) (C:\Users\Windows\AppData\Local\Programs\MiKTeX\tex/latex/amsmath\amsmath.sty
Package: amsmath 2020/09/23 v2.17i AMS math features
\@mathmargin=\skip49
For additional information on amsmath, use the `?' option.
(C:\Users\Windows\AppData\Local\Programs\MiKTeX\tex/latex/amsmath\amstext.sty
Package: amstext 2000/06/29 v2.01 AMS text

(C:\Users\Windows\AppData\Local\Programs\MiKTeX\tex/latex/amsmath\amsgen.sty
File: amsgen.sty 1999/11/30 v2.0 generic functions
\@emptytoks=\toks15
\ex@=\dimen139
))
(C:\Users\Windows\AppData\Local\Programs\MiKTeX\tex/latex/amsmath\amsbsy.sty
Package: amsbsy 1999/11/29 v1.2d Bold Symbols
\pmbraise@=\dimen140
)
(C:\Users\Windows\AppData\Local\Programs\MiKTeX\tex/latex/amsmath\amsopn.sty
Package: amsopn 2016/03/08 v2.02 operator names
)
\inf@bad=\count183
LaTeX Info: Redefining \frac on input line 234.
\uproot@=\count184
\leftroot@=\count185
LaTeX Info: Redefining \overline on input line 399.
\classnum@=\count186
\DOTSCASE@=\count187
LaTeX Info: Redefining \ldots on input line 496.
LaTeX Info: Redefining \dots on input line 499.
LaTeX Info: Redefining \cdots on input line 620.
\Mathstrutbox@=\box47
\strutbox@=\box48
\big@size=\dimen141
LaTeX Font Info:    Redeclaring font encoding OML on input line 743.
LaTeX Font Info:    Redeclaring font encoding OMS on input line 744.
\macc@depth=\count188
\c@MaxMatrixCols=\count189
\dotsspace@=\muskip16
\c@parentequation=\count190
\dspbrk@lvl=\count191
\tag@help=\toks16
\row@=\count192
\column@=\count193
\maxfields@=\count194
\andhelp@=\toks17
\eqnshift@=\dimen142
\alignsep@=\dimen143
\tagshift@=\dimen144
\tagwidth@=\dimen145
\totwidth@=\dimen146
\lineht@=\dimen147
\@envbody=\toks18
\multlinegap=\skip50
\multlinetaggap=\skip51
\mathdisplay@stack=\toks19
LaTeX Info: Redefining \[ on input line 2923.
LaTeX Info: Redefining \] on input line 2924.
)
(C:\Users\Windows\AppData\Local\Programs\MiKTeX\tex/latex/base\inputenc.sty
Package: inputenc 2020/08/01 v1.3d Input encoding file
\inpenc@prehook=\toks20
\inpenc@posthook=\toks21
)
(C:\Users\Windows\AppData\Local\Programs\MiKTeX\tex/latex/base\fontenc.sty
Package: fontenc 2020/08/10 v2.0s Standard LaTeX package
)
(C:\Users\Windows\AppData\Local\Programs\MiKTeX\tex/generic/babel\babel.sty
Package: babel 2020/10/27 3.51 The Babel package

(C:\Users\Windows\AppData\Local\Programs\MiKTeX\tex/generic/babel\babel.def
File: babel.def 2020/10/27 3.51 Babel common definitions
\babel@savecnt=\count195
\U@D=\dimen148
\l@babelnohyphens=\language79

(C:\Users\Windows\AppData\Local\Programs\MiKTeX\tex/generic/babel\txtbabel.def)
\bbl@readstream=\read2
)
\bbl@dirlevel=\count196

*************************************
* Local config file bblopts.cfg used
*
(C:\Users\Windows\AppData\Local\Programs\MiKTeX\tex/latex/arabi\bblopts.cfg
File: bblopts.cfg 2005/09/08 v0.1 add Arabic and Farsi to "declared" options of
 babel
)
(C:\Users\Windows\AppData\Local\Programs\MiKTeX\tex/latex/babel-english\english
.ldf
Language: english 2017/06/06 v3.3r English support from the babel system
Package babel Info: \l@canadian = using hyphenrules for english
(babel)             (\language0) on input line 102.
Package babel Info: \l@australian = using hyphenrules for ukenglish
(babel)             (\language73) on input line 105.
Package babel Info: \l@newzealand = using hyphenrules for ukenglish
(babel)             (\language73) on input line 108.
))
(C:\Users\Windows\AppData\Local\Programs\MiKTeX\tex/latex/graphics\graphicx.sty
Package: graphicx 2020/09/09 v1.2b Enhanced LaTeX Graphics (DPC,SPQR)
(C:\Users\Windows\AppData\Local\Programs\MiKTeX\tex/latex/graphics\keyval.sty
Package: keyval 2014/10/28 v1.15 key=value parser (DPC)
\KV@toks@=\toks22
)
(C:\Users\Windows\AppData\Local\Programs\MiKTeX\tex/latex/graphics\graphics.sty
Package: graphics 2020/08/30 v1.4c Standard LaTeX Graphics (DPC,SPQR)
(C:\Users\Windows\AppData\Local\Programs\MiKTeX\tex/latex/graphics\trig.sty
Package: trig 2016/01/03 v1.10 sin cos tan (DPC)
)
(C:\Users\Windows\AppData\Local\Programs\MiKTeX\tex/latex/graphics-cfg\graphics
.cfg
File: graphics.cfg 2016/06/04 v1.11 sample graphics configuration
)
Package graphics Info: Driver file: pdftex.def on input line 105.

(C:\Users\Windows\AppData\Local\Programs\MiKTeX\tex/latex/graphics-def\pdftex.d
ef
File: pdftex.def 2020/10/05 v1.2a Graphics/color driver for pdftex
))
\Gin@req@height=\dimen149
\Gin@req@width=\dimen150
)
(C:\Users\Windows\AppData\Local\Programs\MiKTeX\tex/latex/subfigure\subfigure.s
ty
Package: subfigure 2002/07/30 v2.1.4 subfigure package
\subfigtopskip=\skip52
\subfigcapskip=\skip53
\subfigcaptopadj=\dimen151
\subfigbottomskip=\skip54
\subfigcapmargin=\dimen152
\subfiglabelskip=\skip55
\c@subfigure=\count197
\c@lofdepth=\count198
\c@subtable=\count199
\c@lotdepth=\count266

****************************************
* Local config file subfigure.cfg used *
****************************************

(C:\Users\Windows\AppData\Local\Programs\MiKTeX\tex/latex/subfigure\subfigure.c
fg)
\subfig@top=\skip56
\subfig@bottom=\skip57
)
(C:\Users\Windows\AppData\Local\Programs\MiKTeX\tex/latex/graphics\lscape.sty
Package: lscape 2020/05/28 v3.02 Landscape Pages (DPC)
)
(C:\Users\Windows\AppData\Local\Programs\MiKTeX\tex/latex/pst-plot\pst-plot.sty
Package: pst-plot 2011/06/05 v1.00 LaTeX wrapper for `pst-plot' (HV)

(C:\Users\Windows\AppData\Local\Programs\MiKTeX\tex/latex/pstricks\pstricks.sty
Package: pstricks 2020/06/11 v0.70 LaTeX wrapper for `PSTricks' (RN,HV)
(C:\Users\Windows\AppData\Local\Programs\MiKTeX\tex/generic/iftex\iftex.sty
Package: iftex 2020/03/06 v1.0d TeX engine tests
)
(C:\Users\Windows\AppData\Local\Programs\MiKTeX\tex/latex/xcolor\xcolor.sty
Package: xcolor 2016/05/11 v2.12 LaTeX color extensions (UK)

(C:\Users\Windows\AppData\Local\Programs\MiKTeX\tex/latex/graphics-cfg\color.cf
g
File: color.cfg 2016/01/02 v1.6 sample color configuration
)
Package xcolor Info: Driver file: pdftex.def on input line 225.
Package xcolor Info: Model `cmy' substituted by `cmy0' on input line 1348.
Package xcolor Info: Model `hsb' substituted by `rgb' on input line 1352.
Package xcolor Info: Model `RGB' extended on input line 1364.
Package xcolor Info: Model `HTML' substituted by `rgb' on input line 1366.
Package xcolor Info: Model `Hsb' substituted by `hsb' on input line 1367.
Package xcolor Info: Model `tHsb' substituted by `hsb' on input line 1368.
Package xcolor Info: Model `HSB' substituted by `hsb' on input line 1369.
Package xcolor Info: Model `Gray' substituted by `gray' on input line 1370.
Package xcolor Info: Model `wave' substituted by `hsb' on input line 1371.
)
(C:\Users\Windows\AppData\Local\Programs\MiKTeX\tex/generic/xkeyval\pst-xkey.te
x
File: pst-xkey.tex 2005/11/25 v1.6 PSTricks specialization of xkeyval (HA)
 (C:\Users\Windows\AppData\Local\Programs\MiKTeX\tex/latex/xkeyval\xkeyval.sty
Package: xkeyval 2014/12/03 v2.7a package option processing (HA)

(C:\Users\Windows\AppData\Local\Programs\MiKTeX\tex/generic/xkeyval\xkeyval.tex

(C:\Users\Windows\AppData\Local\Programs\MiKTeX\tex/generic/xkeyval\xkvutils.te
x
\XKV@toks=\toks23
\XKV@tempa@toks=\toks24
)
\XKV@depth=\count267
File: xkeyval.tex 2014/12/03 v2.7a key=value parser (HA)
)))
(C:\Users\Windows\AppData\Local\Programs\MiKTeX\tex/generic/pstricks\pstricks.t
ex
(C:\Users\Windows\AppData\Local\Programs\MiKTeX\tex/generic/pstricks\pst-fp.tex
`pst-fp' v0.05, 2010/01/17 (hv)
\pstFP@xs=\count268
\pstFP@xia=\count269
\pstFP@xib=\count270
\pstFP@xfa=\count271
\pstFP@xfb=\count272
\pstFP@rega=\count273
\pstFP@regb=\count274
\pstFP@regs=\count275
\pstFP@times=\count276
)
(C:\Users\Windows\AppData\Local\Programs\MiKTeX\tex/generic/pgf/utilities\pgfut
il-common.tex
\pgfutil@everybye=\toks25
\pgfutil@tempdima=\dimen153
\pgfutil@tempdimb=\dimen154

(C:\Users\Windows\AppData\Local\Programs\MiKTeX\tex/generic/pgf/utilities\pgfut
il-common-lists.tex))
(C:\Users\Windows\AppData\Local\Programs\MiKTeX\tex/generic/pgf/utilities\pgfke
ys.code.tex
\pgfkeys@pathtoks=\toks26
\pgfkeys@temptoks=\toks27

(C:\Users\Windows\AppData\Local\Programs\MiKTeX\tex/generic/pgf/utilities\pgfke
ysfiltered.code.tex
\pgfkeys@tmptoks=\toks28
))
(C:\Users\Windows\AppData\Local\Programs\MiKTeX\tex/generic/pgf/utilities\pgffo
r.code.tex
Loading pgffor.code.tex

(C:\Users\Windows\AppData\Local\Programs\MiKTeX\tex/generic/pgf/math\pgfmath.co
de.tex
(C:\Users\Windows\AppData\Local\Programs\MiKTeX\tex/generic/pgf/math\pgfmathcal
c.code.tex
(C:\Users\Windows\AppData\Local\Programs\MiKTeX\tex/generic/pgf/math\pgfmathuti
l.code.tex
\pgf@x=\dimen155
\pgf@xa=\dimen156
\pgf@xb=\dimen157
\pgf@xc=\dimen158
\pgf@y=\dimen159
\pgf@ya=\dimen160
\pgf@yb=\dimen161
\pgf@yc=\dimen162
\c@pgf@counta=\count277
\c@pgf@countb=\count278
\c@pgf@countc=\count279
\c@pgf@countd=\count280
\pgfutil@tempcnta=\count281
\pgfutil@tempcntb=\count282
)
(C:\Users\Windows\AppData\Local\Programs\MiKTeX\tex/generic/pgf/math\pgfmathpar
ser.code.tex
\pgfmath@dimen=\dimen163
\pgfmath@count=\count283
\pgfmath@box=\box49
\pgfmath@toks=\toks29
\pgfmath@stack@operand=\toks30
\pgfmath@stack@operation=\toks31
)
(C:\Users\Windows\AppData\Local\Programs\MiKTeX\tex/generic/pgf/math\pgfmathfun
ctions.code.tex
(C:\Users\Windows\AppData\Local\Programs\MiKTeX\tex/generic/pgf/math\pgfmathfun
ctions.basic.code.tex)
(C:\Users\Windows\AppData\Local\Programs\MiKTeX\tex/generic/pgf/math\pgfmathfun
ctions.trigonometric.code.tex)
(C:\Users\Windows\AppData\Local\Programs\MiKTeX\tex/generic/pgf/math\pgfmathfun
ctions.random.code.tex)
(C:\Users\Windows\AppData\Local\Programs\MiKTeX\tex/generic/pgf/math\pgfmathfun
ctions.comparison.code.tex)
(C:\Users\Windows\AppData\Local\Programs\MiKTeX\tex/generic/pgf/math\pgfmathfun
ctions.base.code.tex)
(C:\Users\Windows\AppData\Local\Programs\MiKTeX\tex/generic/pgf/math\pgfmathfun
ctions.round.code.tex)
(C:\Users\Windows\AppData\Local\Programs\MiKTeX\tex/generic/pgf/math\pgfmathfun
ctions.misc.code.tex)
(C:\Users\Windows\AppData\Local\Programs\MiKTeX\tex/generic/pgf/math\pgfmathfun
ctions.integerarithmetics.code.tex)))
(C:\Users\Windows\AppData\Local\Programs\MiKTeX\tex/generic/pgf/math\pgfmathflo
at.code.tex
\c@pgfmathroundto@lastzeros=\count284
))
\pgffor@iter=\dimen164
\pgffor@skip=\dimen165
\pgffor@stack=\toks32
\pgffor@toks=\toks33
)
\psLoopIndex=\count285

`PSTricks' v3.01  <2020/09/18> (tvz,hv)
\pst@dima=\dimen166
\pst@dimb=\dimen167
\pst@dimc=\dimen168
\pst@dimd=\dimen169
\pst@dimg=\dimen170
\pst@dimh=\dimen171
\pst@dimm=\dimen172
\pst@dimn=\dimen173
\pst@dimo=\dimen174
\pst@dimp=\dimen175
\pst@hbox=\box50
\pst@ibox=\box51
\pst@boxg=\box52
\pst@cnta=\count286
\pst@cntb=\count287
\pst@cntc=\count288
\pst@cntd=\count289
\pst@cntg=\count290
\pst@cnth=\count291
\pst@cntm=\count292
\pst@cntn=\count293
\pst@cnto=\count294
\pst@cntp=\count295
\@zero=\count296
\pst@toks=\toks34

(C:\Users\Windows\AppData\Local\Programs\MiKTeX\tex/generic/pstricks\pstricks.c
on)
\psunit=\dimen176
\psxunit=\dimen177
\psyunit=\dimen178
\pst@C@@rType=\count297
\pslinewidth=\dimen179
\psk@startLW=\dimen180
\psk@endLW=\dimen181
\pst@customdefs=\toks35
\pslinearc=\dimen182
\pst@symbolStep=\dimen183
\pst@symbolWidth=\dimen184
\pst@symbolLinewidth=\dimen185
\everypsbox=\toks36
\psframesep=\dimen186
\pslabelsep=\dimen187
\sh@wgridXunit=\dimen188
\sh@wgridYunit=\dimen189
\pst@shift=\dimen190
)
File: pstricks.tex 2020/09/18 v3.01 `PSTricks' (tvz,hv)

(C:\Users\Windows\AppData\Local\Programs\MiKTeX\tex/generic/pstricks\pst-fp.tex
)
File: pst-fp.tex 2020/09/18 v3.01 `PST-fp' (hv)
)
(C:\Users\Windows\AppData\Local\Programs\MiKTeX\tex/latex/xkeyval\pst-xkey.sty
Package: pst-xkey 2005/11/25 v1.6 package wrapper for pst-xkey.tex (HA)
) (C:\Users\Windows\AppData\Local\Programs\MiKTeX\tex/latex/multido\multido.sty
Package: multido 2004/05/17 package wrapper for PSTricks `multido.tex', (HV/RN)


(C:\Users\Windows\AppData\Local\Programs\MiKTeX\tex/generic/multido\multido.tex
 v1.42, 2010/05/14 <tvz>
\multido@count=\count298
\multidocount=\count299
\multido@stuff=\toks37
)
File: multido.tex 2010/05/14 v1.42 `multido' (tvz,hv)
)
Package: pst-plot 2011/04/13 package wrapper for pst-plot.tex (hv)

(C:\Users\Windows\AppData\Local\Programs\MiKTeX\tex/generic/pst-plot\pst-plot.t
ex
(C:\Users\Windows\AppData\Local\Programs\MiKTeX\tex/generic/pst-tools\pst-tools
.tex `PST-tools' v0.10, 2020/03/24 (hv)
\randomi=\count300
\ranval=\count301
)
(C:\Users\Windows\AppData\Local\Programs\MiKTeX\tex/generic/pstricks-add\pstric
ks-add.tex
(C:\Users\Windows\AppData\Local\Programs\MiKTeX\tex/generic/pst-node\pst-node.t
ex  v1.42a, 2020/04/01
\psrow=\count302
\pscol=\count303
\psmatrixcnt=\count304
\psrowsep=\skip58
\pscolsep=\skip59
\pst@args=\count305
\num@pts=\count306
\pst@argcnt=\count307
)
(C:\Users\Windows\AppData\Local\Programs\MiKTeX\tex/generic/pst-arrow\pst-arrow
.tex `pst-arrow' v0.01, 2016/09/01 (dr,hv)
\pshooklength=\dimen191
\pshookwidth=\dimen192
)
(C:\Users\Windows\AppData\Local\Programs\MiKTeX\tex/generic/pst-3d\pst-3d.tex
`PST-3d' v1.11, 2010/02/14 (tvz))
(C:\Users\Windows\AppData\Local\Programs\MiKTeX\tex/generic/pst-math\pst-math.t
ex `pst-math' v0.64 , (CJ,hv)) `pstricks-add' v3.89a, 2020/02/12 (dr,hv)
\psparallelogramsep=\dimen193
\pst@cntC=\count308
\pst@stepcount=\count309
\chart@ColorIndex=\dimen194
\chart@ColorStep=\dimen195
\pst@chartHeight=\dimen196
\pst@chartStackDepth=\dimen197
\pst@chartStackWidth=\dimen198
\chart@Toggle=\count310
\psVectorCtr=\count311
)
 v1.92, 2019/05/16 (tvz,hv)
\pstRadUnit=\dimen199
\pstRadUnitInv=\dimen256
\pst@linecnt=\count312
\RCD@file=\read3
\psxlabelsep=\dimen257
\psylabelsep=\dimen258
\psk@subticksize=\dimen259
\pst@xticksizeA=\dimen260
\pst@xticksizeB=\dimen261
\pst@xticksizeC=\dimen262
\pst@yticksizeA=\dimen263
\pst@yticksizeB=\dimen264
\pst@yticksizeC=\dimen265
\@digitcounter=\count313
\psk@llx=\dimen266
\psk@lly=\dimen267
\psk@urx=\dimen268
\psk@ury=\dimen269
\pst@xunit=\dimen270
\pst@yunit=\dimen271
)
File: pst-plot.tex 2019/05/16 1.92 `pst-plot' (tvz,hv)
)
(C:\Users\Windows\AppData\Local\Programs\MiKTeX\tex/latex/fancybox\fancybox.sty
Package: fancybox 2010/05/15 1.4
Style option: `fancybox' v1.4 <2010/05/15> (tvz)
\@fancybox=\box53
\shadowsize=\dimen272
\@Sbox=\box54
\do@VerbBox=\toks38
\the@fancyput=\toks39
\this@fancyput=\toks40
\EndVerbatimTokens=\toks41
\Verbatim@Outfile=\write3
\Verbatim@Infile=\read4
)
(C:\Users\Windows\AppData\Local\Programs\MiKTeX\tex/latex/amsfonts\amssymb.sty
Package: amssymb 2013/01/14 v3.01 AMS font symbols

(C:\Users\Windows\AppData\Local\Programs\MiKTeX\tex/latex/amsfonts\amsfonts.sty
Package: amsfonts 2013/01/14 v3.01 Basic AMSFonts support
\symAMSa=\mathgroup4
\symAMSb=\mathgroup5
LaTeX Font Info:    Redeclaring math symbol \hbar on input line 98.
LaTeX Font Info:    Overwriting math alphabet `\mathfrak' in version `bold'
(Font)                  U/euf/m/n --> U/euf/b/n on input line 106.
))
(C:\Users\Windows\AppData\Local\Programs\MiKTeX\tex/latex/booktabs\booktabs.sty
Package: booktabs 2020/01/12 v1.61803398 Publication quality tables
\heavyrulewidth=\dimen273
\lightrulewidth=\dimen274
\cmidrulewidth=\dimen275
\belowrulesep=\dimen276
\belowbottomsep=\dimen277
\aboverulesep=\dimen278
\abovetopsep=\dimen279
\cmidrulesep=\dimen280
\cmidrulekern=\dimen281
\defaultaddspace=\dimen282
\@cmidla=\count314
\@cmidlb=\count315
\@aboverulesep=\dimen283
\@belowrulesep=\dimen284
\@thisruleclass=\count316
\@lastruleclass=\count317
\@thisrulewidth=\dimen285
) (C:\Users\Windows\AppData\Local\Programs\MiKTeX\tex/latex/tools\longtable.sty
Package: longtable 2020/01/07 v4.13 Multi-page Table package (DPC)
\LTleft=\skip60
\LTright=\skip61
\LTpre=\skip62
\LTpost=\skip63
\LTchunksize=\count318
\LTcapwidth=\dimen286
\LT@head=\box55
\LT@firsthead=\box56
\LT@foot=\box57
\LT@lastfoot=\box58
\LT@cols=\count319
\LT@rows=\count320
\c@LT@tables=\count321
\c@LT@chunks=\count322
\LT@p@ftn=\toks42
)
(C:\Users\Windows\AppData\Local\Programs\MiKTeX\tex/latex/adjustbox\adjustbox.s
ty
Package: adjustbox 2022/10/17 v1.3a Adjusting TeX boxes (trim, clip, ...)

(C:\Users\Windows\AppData\Local\Programs\MiKTeX\tex/latex/adjustbox\adjcalc.sty
Package: adjcalc 2012/05/16 v1.1 Provides advanced setlength with multiple back
-ends (calc, etex, pgfmath)
)
(C:\Users\Windows\AppData\Local\Programs\MiKTeX\tex/latex/adjustbox\trimclip.st
y
Package: trimclip 2020/08/19 v1.2 Trim and clip general TeX material

(C:\Users\Windows\AppData\Local\Programs\MiKTeX\tex/latex/collectbox\collectbox
.sty
Package: collectbox 2022/10/17 v0.4c Collect macro arguments as boxes
\collectedbox=\box59
)
\tc@llx=\dimen287
\tc@lly=\dimen288
\tc@urx=\dimen289
\tc@ury=\dimen290


! LaTeX Error: Command \clipbox already defined.
               Or name \end... illegal, see p.192 of the manual.

See the LaTeX manual or LaTeX Companion for explanation.
Type  H <return>  for immediate help.
 ...                                              
                                                  
l.100 }
       
Your command was ignored.
Type  I <command> <return>  to replace it with another command,
or  <return>  to continue without it.

Package trimclip Info: Using driver 'tc-pdftex.def'.

(C:\Users\Windows\AppData\Local\Programs\MiKTeX\tex/latex/adjustbox\tc-pdftex.d
ef
File: tc-pdftex.def 2019/01/04 v2.2 Clipping driver for pdftex
))
\adjbox@Width=\dimen291
\adjbox@Height=\dimen292
\adjbox@Depth=\dimen293
\adjbox@Totalheight=\dimen294
\adjbox@pwidth=\dimen295
\adjbox@pheight=\dimen296
\adjbox@pdepth=\dimen297
\adjbox@ptotalheight=\dimen298

(C:\Users\Windows\AppData\Local\Programs\MiKTeX\tex/latex/ifoddpage\ifoddpage.s
ty
Package: ifoddpage 2022/10/18 v1.2 Conditionals for odd/even page detection
\c@checkoddpage=\count323
)
(C:\Users\Windows\AppData\Local\Programs\MiKTeX\tex/latex/varwidth\varwidth.sty
Package: varwidth 2009/03/30 ver 0.92;  Variable-width minipages
\@vwid@box=\box60
\sift@deathcycles=\count324
\@vwid@loff=\dimen299
\@vwid@roff=\dimen300
))
(C:\Users\Windows\AppData\Local\Programs\MiKTeX\tex/latex/multirow\multirow.sty
Package: multirow 2021/03/15 v2.8 Span multiple rows of a table
\multirow@colwidth=\skip64
\multirow@cntb=\count325
\multirow@dima=\skip65
\bigstrutjot=\dimen301
) (C:\Users\Windows\AppData\Local\Programs\MiKTeX\tex/latex/float\float.sty
Package: float 2001/11/08 v1.3d Float enhancements (AL)
\c@float@type=\count326
\float@exts=\toks43
\float@box=\box61
\@float@everytoks=\toks44
\@floatcapt=\box62
)
(C:\Users\Windows\AppData\Local\Programs\MiKTeX\tex/latex/lipsum\lipsum.sty
(C:\Users\Windows\AppData\Local\Programs\MiKTeX\tex/latex/l3kernel\expl3.sty
Package: expl3 2020-10-27 L3 programming layer (loader) 

(C:\Users\Windows\AppData\Local\Programs\MiKTeX\tex/latex/l3backend\l3backend-p
dftex.def
File: l3backend-pdftex.def 2020-09-24 L3 backend support: PDF output (pdfTeX)
\l__kernel_color_stack_int=\count327
\l__pdf_internal_box=\box63
))
(C:\Users\Windows\AppData\Local\Programs\MiKTeX\tex/latex/l3packages/xparse\xpa
rse.sty
Package: xparse 2020-10-27 L3 Experimental document command parser

(C:\Users\Windows\AppData\Local\Programs\MiKTeX\tex/latex/l3packages/xparse\xpa
rse-generic.tex))
Package: lipsum 2021-03-03 v2.3 150 paragraphs of Lorem Ipsum dummy text

(C:\Users\Windows\AppData\Local\Programs\MiKTeX\tex/latex/lipsum\lipsum.ltd.tex
File: lipsum.ltd.tex 2021-03-03 v2.3 The Lorem ipsum dummy text
))
(C:\Users\Windows\AppData\Local\Programs\MiKTeX\tex/latex/hyperref\hyperref.sty
Package: hyperref 2020-05-15 v7.00e Hypertext links for LaTeX

(C:\Users\Windows\AppData\Local\Programs\MiKTeX\tex/generic/ltxcmds\ltxcmds.sty
Package: ltxcmds 2020-05-10 v1.25 LaTeX kernel commands for general use (HO)
)
(C:\Users\Windows\AppData\Local\Programs\MiKTeX\tex/generic/pdftexcmds\pdftexcm
ds.sty
Package: pdftexcmds 2020-06-27 v0.33 Utility functions of pdfTeX for LuaTeX (HO
)

(C:\Users\Windows\AppData\Local\Programs\MiKTeX\tex/generic/infwarerr\infwarerr
.sty
Package: infwarerr 2019/12/03 v1.5 Providing info/warning/error messages (HO)
)
Package pdftexcmds Info: \pdf@primitive is available.
Package pdftexcmds Info: \pdf@ifprimitive is available.
Package pdftexcmds Info: \pdfdraftmode found.
)
(C:\Users\Windows\AppData\Local\Programs\MiKTeX\tex/generic/kvsetkeys\kvsetkeys
.sty
Package: kvsetkeys 2019/12/15 v1.18 Key value parser (HO)
)
(C:\Users\Windows\AppData\Local\Programs\MiKTeX\tex/generic/kvdefinekeys\kvdefi
nekeys.sty
Package: kvdefinekeys 2019-12-19 v1.6 Define keys (HO)
)
(C:\Users\Windows\AppData\Local\Programs\MiKTeX\tex/generic/pdfescape\pdfescape
.sty
Package: pdfescape 2019/12/09 v1.15 Implements pdfTeX's escape features (HO)
)
(C:\Users\Windows\AppData\Local\Programs\MiKTeX\tex/latex/hycolor\hycolor.sty
Package: hycolor 2020-01-27 v1.10 Color options for hyperref/bookmark (HO)
)
(C:\Users\Windows\AppData\Local\Programs\MiKTeX\tex/latex/letltxmacro\letltxmac
ro.sty
Package: letltxmacro 2019/12/03 v1.6 Let assignment for LaTeX macros (HO)
)
(C:\Users\Windows\AppData\Local\Programs\MiKTeX\tex/latex/auxhook\auxhook.sty
Package: auxhook 2019-12-17 v1.6 Hooks for auxiliary files (HO)
)
(C:\Users\Windows\AppData\Local\Programs\MiKTeX\tex/latex/kvoptions\kvoptions.s
ty
Package: kvoptions 2020-10-07 v3.14 Key value format for package options (HO)
)
\@linkdim=\dimen302
\Hy@linkcounter=\count328
\Hy@pagecounter=\count329

(C:\Users\Windows\AppData\Local\Programs\MiKTeX\tex/latex/hyperref\pd1enc.def
File: pd1enc.def 2020-05-15 v7.00e Hyperref: PDFDocEncoding definition (HO)
Now handling font encoding PD1 ...
... no UTF-8 mapping file for font encoding PD1
)
(C:\Users\Windows\AppData\Local\Programs\MiKTeX\tex/generic/intcalc\intcalc.sty
Package: intcalc 2019/12/15 v1.3 Expandable calculations with integers (HO)
)
(C:\Users\Windows\AppData\Local\Programs\MiKTeX\tex/generic/etexcmds\etexcmds.s
ty
Package: etexcmds 2019/12/15 v1.7 Avoid name clashes with e-TeX commands (HO)
)
\Hy@SavedSpaceFactor=\count330
Package hyperref Info: Option `colorlinks' set `false' on input line 4338.
Package hyperref Info: Hyper figures OFF on input line 4464.
Package hyperref Info: Link nesting OFF on input line 4469.
Package hyperref Info: Hyper index ON on input line 4472.
Package hyperref Info: Plain pages OFF on input line 4479.
Package hyperref Info: Backreferencing OFF on input line 4484.
Package hyperref Info: Implicit mode ON; LaTeX internals redefined.
Package hyperref Info: Bookmarks ON on input line 4717.
\c@Hy@tempcnt=\count331
 (C:\Users\Windows\AppData\Local\Programs\MiKTeX\tex/latex/url\url.sty
\Urlmuskip=\muskip17
Package: url 2013/09/16  ver 3.4  Verb mode for urls, etc.
)
LaTeX Info: Redefining \url on input line 5076.
\XeTeXLinkMargin=\dimen303

(C:\Users\Windows\AppData\Local\Programs\MiKTeX\tex/generic/bitset\bitset.sty
Package: bitset 2019/12/09 v1.3 Handle bit-vector datatype (HO)

(C:\Users\Windows\AppData\Local\Programs\MiKTeX\tex/generic/bigintcalc\bigintca
lc.sty
Package: bigintcalc 2019/12/15 v1.5 Expandable calculations on big integers (HO
)
))
\Fld@menulength=\count332
\Field@Width=\dimen304
\Fld@charsize=\dimen305
Package hyperref Info: Hyper figures OFF on input line 6347.
Package hyperref Info: Link nesting OFF on input line 6352.
Package hyperref Info: Hyper index ON on input line 6355.
Package hyperref Info: backreferencing OFF on input line 6362.
Package hyperref Info: Link coloring OFF on input line 6367.
Package hyperref Info: Link coloring with OCG OFF on input line 6372.
Package hyperref Info: PDF/A mode OFF on input line 6377.
LaTeX Info: Redefining \ref on input line 6417.
LaTeX Info: Redefining \pageref on input line 6421.

(C:\Users\Windows\AppData\Local\Programs\MiKTeX\tex/latex/base\atbegshi-ltx.sty
Package: atbegshi-ltx 2020/08/17 v1.0a Emulation of the original atbegshi packa
ge
with kernel methods
)
\Hy@abspage=\count333
\c@Item=\count334
\c@Hfootnote=\count335
)
Package hyperref Info: Driver (autodetected): hpdftex.

(C:\Users\Windows\AppData\Local\Programs\MiKTeX\tex/latex/hyperref\hpdftex.def
File: hpdftex.def 2020-05-15 v7.00e Hyperref driver for pdfTeX

(C:\Users\Windows\AppData\Local\Programs\MiKTeX\tex/latex/base\atveryend-ltx.st
y
Package: atveryend-ltx 2020/08/19 v1.0a Emulation of the original atvery packag
e
with kernel methods
)
\Fld@listcount=\count336
\c@bookmark@seq@number=\count337

(C:\Users\Windows\AppData\Local\Programs\MiKTeX\tex/latex/rerunfilecheck\rerunf
ilecheck.sty
Package: rerunfilecheck 2019/12/05 v1.9 Rerun checks for auxiliary files (HO)

(C:\Users\Windows\AppData\Local\Programs\MiKTeX\tex/generic/uniquecounter\uniqu
ecounter.sty
Package: uniquecounter 2019/12/15 v1.4 Provide unlimited unique counter (HO)
)
Package uniquecounter Info: New unique counter `rerunfilecheck' on input line 2
86.
)
\Hy@SectionHShift=\skip66
)
(C:\Users\Windows\AppData\Local\Programs\MiKTeX\tex/latex/geometry\geometry.sty
Package: geometry 2020/01/02 v5.9 Page Geometry
(C:\Users\Windows\AppData\Local\Programs\MiKTeX\tex/generic/iftex\ifvtex.sty
Package: ifvtex 2019/10/25 v1.7 ifvtex legacy package. Use iftex instead.
)
\Gm@cnth=\count338
\Gm@cntv=\count339
\c@Gm@tempcnt=\count340
\Gm@bindingoffset=\dimen306
\Gm@wd@mp=\dimen307
\Gm@odd@mp=\dimen308
\Gm@even@mp=\dimen309
\Gm@layoutwidth=\dimen310
\Gm@layoutheight=\dimen311
\Gm@layouthoffset=\dimen312
\Gm@layoutvoffset=\dimen313
\Gm@dimlist=\toks45

(C:\Users\Windows\AppData\Local\Programs\MiKTeX\tex/latex/geometry\geometry.cfg
)) (Taborda-Nuñez_JS_Characterization_2022.aux)
\openout1 = `Taborda-Nuñez_JS_Characterization_2022.aux'.

LaTeX Font Info:    Checking defaults for OML/cmm/m/it on input line 52.
LaTeX Font Info:    ... okay on input line 52.
LaTeX Font Info:    Checking defaults for OMS/cmsy/m/n on input line 52.
LaTeX Font Info:    ... okay on input line 52.
LaTeX Font Info:    Checking defaults for OT1/cmr/m/n on input line 52.
LaTeX Font Info:    ... okay on input line 52.
LaTeX Font Info:    Checking defaults for T1/cmr/m/n on input line 52.
LaTeX Font Info:    ... okay on input line 52.
LaTeX Font Info:    Checking defaults for TS1/cmr/m/n on input line 52.
LaTeX Font Info:    ... okay on input line 52.
LaTeX Font Info:    Checking defaults for OMX/cmex/m/n on input line 52.
LaTeX Font Info:    ... okay on input line 52.
LaTeX Font Info:    Checking defaults for U/cmr/m/n on input line 52.
LaTeX Font Info:    ... okay on input line 52.
LaTeX Font Info:    Checking defaults for PD1/pdf/m/n on input line 52.
LaTeX Font Info:    ... okay on input line 52.

(C:\Users\Windows\AppData\Local\Programs\MiKTeX\tex/context/base/mkii\supp-pdf.
mkii
[Loading MPS to PDF converter (version 2006.09.02).]
\scratchcounter=\count341
\scratchdimen=\dimen314
\scratchbox=\box64
\nofMPsegments=\count342
\nofMParguments=\count343
\everyMPshowfont=\toks46
\MPscratchCnt=\count344
\MPscratchDim=\dimen315
\MPnumerator=\count345
\makeMPintoPDFobject=\count346
\everyMPtoPDFconversion=\toks47
)
(C:\Users\Windows\AppData\Local\Programs\MiKTeX\tex/latex/epstopdf-pkg\epstopdf
-base.sty
Package: epstopdf-base 2020-01-24 v2.11 Base part for package epstopdf
Package epstopdf-base Info: Redefining graphics rule for `.eps' on input line 4
85.
)
Package hyperref Info: Link coloring OFF on input line 52.

(C:\Users\Windows\AppData\Local\Programs\MiKTeX\tex/latex/hyperref\nameref.sty
Package: nameref 2019/09/16 v2.46 Cross-referencing by name of section

(C:\Users\Windows\AppData\Local\Programs\MiKTeX\tex/latex/refcount\refcount.sty
Package: refcount 2019/12/15 v3.6 Data extraction from label references (HO)
)
(C:\Users\Windows\AppData\Local\Programs\MiKTeX\tex/generic/gettitlestring\gett
itlestring.sty
Package: gettitlestring 2019/12/15 v1.6 Cleanup title references (HO)
)
\c@section@level=\count347
)
LaTeX Info: Redefining \ref on input line 52.
LaTeX Info: Redefining \pageref on input line 52.
LaTeX Info: Redefining \nameref on input line 52.
 (Taborda-Nuñez_JS_Characterization_2022.out)
(Taborda-Nuñez_JS_Characterization_2022.out)
\@outlinefile=\write4
\openout4 = `Taborda-Nuñez_JS_Characterization_2022.out'.


*geometry* driver: auto-detecting
*geometry* detected driver: pdftex
*geometry* verbose mode - [ preamble ] result:
* driver: pdftex
* paper: a4paper
* layout: <same size as paper>
* layoutoffset:(h,v)=(0.0pt,0.0pt)
* modes: includehead 
* h-part:(L,W,R)=(71.13188pt, 455.24411pt, 71.13188pt)
* v-part:(T,H,B)=(71.13188pt, 702.78308pt, 71.13188pt)
* \paperwidth=597.50787pt
* \paperheight=845.04684pt
* \textwidth=455.24411pt
* \textheight=665.78308pt
* \oddsidemargin=-1.1381pt
* \evensidemargin=-1.1381pt
* \topmargin=-1.1381pt
* \headheight=12.0pt
* \headsep=25.0pt
* \topskip=12.0pt
* \footskip=30.0pt
* \marginparwidth=35.0pt
* \marginparsep=10.0pt
* \columnsep=10.0pt
* \skip\footins=10.8pt plus 4.0pt minus 2.0pt
* \hoffset=0.0pt
* \voffset=0.0pt
* \mag=1000
* \@twocolumnfalse
* \@twosidefalse
* \@mparswitchfalse
* \@reversemarginfalse
* (1in=72.27pt=25.4mm, 1cm=28.453pt)

LaTeX Font Info:    Trying to load font information for U+msa on input line 61.

(C:\Users\Windows\AppData\Local\Programs\MiKTeX\tex/latex/amsfonts\umsa.fd
File: umsa.fd 2013/01/14 v3.01 AMS symbols A
)
LaTeX Font Info:    Trying to load font information for U+msb on input line 61.


(C:\Users\Windows\AppData\Local\Programs\MiKTeX\tex/latex/amsfonts\umsb.fd
File: umsb.fd 2013/01/14 v3.01 AMS symbols B
)
Overfull \hbox (20.40813pt too wide) in paragraph at lines 76--83
[][]
 []

[1
Non-PDF special ignored!
<special> header=pstricks.pro
Non-PDF special ignored!
<special> header=pst-algparser.pro
Non-PDF special ignored!
<special> header=pst-tools.pro
Non-PDF special ignored!
<special> header=pst-dots.pro
Non-PDF special ignored!
<special> header=pst-node.pro
Non-PDF special ignored!
<special> header=pst-3d.pro
Non-PDF special ignored!
<special> header=pst-math.pro
Non-PDF special ignored!
<special> header=pstricks-add.pro

Non-PDF special ignored!
<special> ps: /pssetRGBcolor /setrgbcolor load def /pssetCMYKcolor /setcmyk...
Non-PDF special ignored!
<special> ps:tx@Dict begin  gsave STV CP T /ps@rot 0 def grestore  end
Non-PDF special ignored!
<special> ps:tx@Dict begin  gsave STV CP T /ps@refangle 0.  def grestore  e...
Non-PDF special ignored!
<special> ps:tx@Dict begin  gsave STV CP T /ps@rot 0 def grestore  end
{C:/Users/Windows/AppData/Local/MiKTeX/pdftex/config/pdftex.map}]pdfTeX warning
 (ext4): destination with the same identifier (name{page.1}) has been already u
sed, duplicate ignored
<to be read again> 
                   \relax 
l.96 	
       [1] (Taborda-Nuñez_JS_Characterization_2022.toc)
\tf@toc=\write5
\openout5 = `Taborda-Nuñez_JS_Characterization_2022.toc'.

 [1]
(Taborda-Nuñez_JS_Characterization_2022.lof)
\tf@lof=\write6
\openout6 = `Taborda-Nuñez_JS_Characterization_2022.lof'.


(Taborda-Nuñez_JS_Characterization_2022.lot)
\tf@lot=\write7
\openout7 = `Taborda-Nuñez_JS_Characterization_2022.lot'.

 [2]pdfTeX warning (ext4): destination with the same identifier (name{page.1}) 
has been already used, duplicate ignored
<to be read again> 
                   \relax 
l.126 
       [1] [2] [3]
Overfull \hbox (4.46046pt too wide) in paragraph at lines 162--163
\T1/cmr/m/n/12 1942) who ex-plored these dif-fer-ences and pi-o-neered the pro-
posal of dif-fer-en-ti-ated archetypes
 []

[4] [5] [6] [7] [8] [9] [10] [11] [12] [13]
Overfull \hbox (13.55168pt too wide) in alignment at lines 276--290
 [] [] [] [] 
 []

[14] [15] [16] [17] [18]
<images/cluster.png, id=241, 1096.095pt x 697.60625pt>
File: images/cluster.png Graphic file (type png)
<use images/cluster.png>
Package pdftex.def Info: images/cluster.png  used on input line 379.
(pdftex.def)             Requested size: 493.23819pt x 313.9199pt.

Overfull \hbox (37.99408pt too wide) in paragraph at lines 379--381
 [][] 
 []

[19 <./images/cluster.png>] [20]
<images/sta.png, id=254, 1096.095pt x 697.60625pt>
File: images/sta.png Graphic file (type png)
<use images/sta.png>
Package pdftex.def Info: images/sta.png  used on input line 423.
(pdftex.def)             Requested size: 493.23819pt x 313.9199pt.

Overfull \hbox (37.99408pt too wide) in paragraph at lines 423--425
 [][] 
 []

[21]
<images/pcon.png, id=260, 1096.095pt x 640.3925pt>
File: images/pcon.png Graphic file (type png)
<use images/pcon.png>
Package pdftex.def Info: images/pcon.png  used on input line 434.
(pdftex.def)             Requested size: 493.23819pt x 288.17395pt.

Overfull \hbox (37.99408pt too wide) in paragraph at lines 434--436
 [][] 
 []

[22 <./images/sta.png>]
<images/to.png, id=266, 1096.095pt x 640.3925pt>
File: images/to.png Graphic file (type png)
<use images/to.png>
Package pdftex.def Info: images/to.png  used on input line 445.
(pdftex.def)             Requested size: 493.23819pt x 288.17395pt.

Overfull \hbox (37.99408pt too wide) in paragraph at lines 445--447
 [][] 
 []

[23 <./images/pcon.png>] [24 <./images/to.png>] [25] [26]
<images/fp1.png, id=287, 1156.32pt x 606.46574pt>
File: images/fp1.png Graphic file (type png)
<use images/fp1.png>
Package pdftex.def Info: images/fp1.png  used on input line 484.
(pdftex.def)             Requested size: 462.5198pt x 242.58199pt.

Overfull \hbox (7.2757pt too wide) in paragraph at lines 484--484
 [][] 
 []

<images/fp2.png, id=288, 1156.32pt x 606.46574pt>
File: images/fp2.png Graphic file (type png)
<use images/fp2.png>
Package pdftex.def Info: images/fp2.png  used on input line 485.
(pdftex.def)             Requested size: 462.5198pt x 242.58199pt.
<images/sodas.png, id=289, 1156.32pt x 606.46574pt>
File: images/sodas.png Graphic file (type png)
<use images/sodas.png>
Package pdftex.def Info: images/sodas.png  used on input line 486.
(pdftex.def)             Requested size: 289.07928pt x 151.61606pt.

Overfull \hbox (7.2757pt too wide) in paragraph at lines 485--486
 [][] 
 []


LaTeX Warning: Float too large for page by 9.09436pt on input line 488.

[27] [28 <./images/fp1.png> <./images/fp2.png (PNG copy)> <./images/sodas.png>]
<images/et1.png, id=303, 602.25pt x 328.97906pt>
File: images/et1.png Graphic file (type png)
<use images/et1.png>
Package pdftex.def Info: images/et1.png  used on input line 503.
(pdftex.def)             Requested size: 361.35278pt x 197.38895pt.
<images/et2.png, id=304, 602.25pt x 316.93407pt>
File: images/et2.png Graphic file (type png)
<use images/et2.png>
Package pdftex.def Info: images/et2.png  used on input line 504.
(pdftex.def)             Requested size: 361.35278pt x 190.1619pt.
<images/et3.png, id=305, 602.25pt x 312.41719pt>
File: images/et3.png Graphic file (type png)
<use images/et3.png>
Package pdftex.def Info: images/et3.png  used on input line 505.
(pdftex.def)             Requested size: 361.35278pt x 187.45175pt.
[29] [30 <./images/et1.png> <./images/et2.png> <./images/et3.png>]
<images/metals.png, id=318, 602.25pt x 304.13625pt>
File: images/metals.png Graphic file (type png)
<use images/metals.png>
Package pdftex.def Info: images/metals.png  used on input line 516.
(pdftex.def)             Requested size: 361.35278pt x 182.48315pt.
<images/petrol.png, id=319, 602.25pt x 654.94687pt>
File: images/petrol.png Graphic file (type png)
<use images/petrol.png>
Package pdftex.def Info: images/petrol.png  used on input line 517.
(pdftex.def)             Requested size: 180.67639pt x 196.48558pt.
<images/woodcard1.png, id=320, 602.25pt x 313.17pt>
File: images/woodcard1.png Graphic file (type png)
<use images/woodcard1.png>
Package pdftex.def Info: images/woodcard1.png  used on input line 531.
(pdftex.def)             Requested size: 361.35278pt x 187.90344pt.
<images/woodcard2.png, id=321, 602.25pt x 313.9228pt>
File: images/woodcard2.png Graphic file (type png)
<use images/woodcard2.png>
Package pdftex.def Info: images/woodcard2.png  used on input line 532.
(pdftex.def)             Requested size: 361.35278pt x 188.35512pt.
<images/furnit.png, id=322, 602.25pt x 310.15875pt>
File: images/furnit.png Graphic file (type png)
<use images/furnit.png>
Package pdftex.def Info: images/furnit.png  used on input line 533.
(pdftex.def)             Requested size: 361.35278pt x 186.09668pt.
 [31]
[32 <./images/metals.png> <./images/petrol.png>] [33 <./images/woodcard1.png> <
./images/woodcard2.png> <./images/furnit.png>] [34] [35] [36] [37] [38]
[39] [40] [41] [42]
Underfull \vbox (badness 10000) detected at line 717
 []

[43]
Underfull \vbox (badness 10000) detected at line 778
 []

[44] [45] [46]
Underfull \vbox (badness 10000) detected at line 856
 []

[47] [48] [49] (Taborda-Nuñez_JS_Characterization_2022.aux)
Package rerunfilecheck Info: File `Taborda-Nuñez_JS_Characterization_2022.out'
 has not changed.
(rerunfilecheck)             Checksum: AC93F7C36D93E8BDA369895C1E7ADFB1;928.
 )
(\end occurred inside a group at level 1)

### simple group (level 1) entered at line 585 ({)
### bottom level 
Here is how much of TeX's memory you used:
 18754 strings out of 479799
 318926 string characters out of 2868772
 798789 words of memory out of 3000000
 35255 multiletter control sequences out of 15000+200000
 552908 words of font info for 74 fonts, out of 3000000 for 9000
 1141 hyphenation exceptions out of 8191
 72i,15n,77p,1197b,522s stack positions out of 5000i,500n,10000p,200000b,50000s
 <C:\Users\Windows\AppData\Local\MiKTeX\fonts/pk/ljfour/jknappe
n/ec/dpi600\ecrm0800.pk> <C:\Users\Windows\AppData\Local\MiKTeX\fonts/pk/ljfour
/jknappen/ec/dpi600\ecbx1200.pk> <C:\Users\Windows\AppData\Local\MiKTeX\fonts/p
k/ljfour/jknappen/ec/dpi600\ecbx1728.pk> <C:\Users\Windows\AppData\Local\MiKTeX
\fonts/pk/ljfour/jknappen/ec/dpi600\ecrm0700.pk> <C:\Users\Windows\AppData\Loca
l\MiKTeX\fonts/pk/ljfour/jknappen/ec/dpi600\ecrm1200.pk> <C:\Users\Windows\AppD
ata\Local\MiKTeX\fonts/pk/ljfour/jknappen/ec/dpi600\ecrm1095.pk> <C:\Users\Wind
ows\AppData\Local\MiKTeX\fonts/pk/ljfour/jknappen/ec/dpi600\ecbx1095.pk> <C:\Us
ers\Windows\AppData\Local\MiKTeX\fonts/pk/ljfour/jknappen/ec/dpi600\ecrm1000.pk
> <C:\Users\Windows\AppData\Local\MiKTeX\fonts/pk/ljfour/jknappen/ec/dpi600\ecr
m1440.pk> <C:\Users\Windows\AppData\Local\MiKTeX\fonts/pk/ljfour/jknappen/ec/dp
i600\ecti1200.pk> <C:\Users\Windows\AppData\Local\MiKTeX\fonts/pk/ljfour/jknapp
en/ec/dpi600\ecbx1440.pk> <C:\Users\Windows\AppData\Local\MiKTeX\fonts/pk/ljfou
r/jknappen/ec/dpi600\ecrm2074.pk><C:/Users/Windows/AppData/Local/Programs/MiKTe
X/fonts/type1/public/amsfonts/cm/cmex10.pfb><C:/Users/Windows/AppData/Local/Pro
grams/MiKTeX/fonts/type1/public/amsfonts/cm/cmmi12.pfb><C:/Users/Windows/AppDat
a/Local/Programs/MiKTeX/fonts/type1/public/amsfonts/cm/cmmi8.pfb><C:/Users/Wind
ows/AppData/Local/Programs/MiKTeX/fonts/type1/public/amsfonts/cm/cmr12.pfb><C:/
Users/Windows/AppData/Local/Programs/MiKTeX/fonts/type1/public/amsfonts/cm/cmr8
.pfb><C:/Users/Windows/AppData/Local/Programs/MiKTeX/fonts/type1/public/amsfont
s/cm/cmsy10.pfb><C:/Users/Windows/AppData/Local/Programs/MiKTeX/fonts/type1/pub
lic/amsfonts/cm/cmsy8.pfb>
Output written on Taborda-Nuñez_JS_Characterization_2022.pdf (53 pages, 781519
 bytes).
PDF statistics:
 1000 PDF objects out of 1000 (max. 8388607)
 115 named destinations out of 1000 (max. 500000)
 188 words of extra memory for PDF output out of 10000 (max. 10000000)

