This is pdfTeX, Version 3.141592653-2.6-1.40.23 (MiKTeX 21.10 NEXT) (preloaded format=pdflatex 2021.10.19)  16 NOV 2022 15:56
entering extended mode
**./progress_2.tex
(progress_2.tex
LaTeX2e <2021-06-01> patch level 1
L3 programming layer <2021-10-12>
(C:\Users\Juan Jose\AppData\Local\Programs\MiKTeX\tex/latex/base\article.cls
Document Class: article 2021/02/12 v1.4n Standard LaTeX document class
(C:\Users\Juan Jose\AppData\Local\Programs\MiKTeX\tex/latex/base\size12.clo
File: size12.clo 2021/02/12 v1.4n Standard LaTeX file (size option)
)
\c@part=\count182
\c@section=\count183
\c@subsection=\count184
\c@subsubsection=\count185
\c@paragraph=\count186
\c@subparagraph=\count187
\c@figure=\count188
\c@table=\count189
\abovecaptionskip=\skip47
\belowcaptionskip=\skip48
\bibindent=\dimen138
)
(C:\Users\Juan Jose\AppData\Local\Programs\MiKTeX\tex/latex/setspace\setspace.s
ty
Package: setspace 2011/12/19 v6.7a set line spacing
)
(C:\Users\Juan Jose\AppData\Local\Programs\MiKTeX\tex/latex/amsmath\amsmath.sty
Package: amsmath 2021/04/20 v2.17j AMS math features
\@mathmargin=\skip49
For additional information on amsmath, use the `?' option.

(C:\Users\Juan Jose\AppData\Local\Programs\MiKTeX\tex/latex/amsmath\amstext.sty
Package: amstext 2000/06/29 v2.01 AMS text
(C:\Users\Juan Jose\AppData\Local\Programs\MiKTeX\tex/latex/amsmath\amsgen.sty
File: amsgen.sty 1999/11/30 v2.0 generic functions
\@emptytoks=\toks16
\ex@=\dimen139
))
(C:\Users\Juan Jose\AppData\Local\Programs\MiKTeX\tex/latex/amsmath\amsbsy.sty
Package: amsbsy 1999/11/29 v1.2d Bold Symbols
\pmbraise@=\dimen140
) (C:\Users\Juan Jose\AppData\Local\Programs\MiKTeX\tex/latex/amsmath\amsopn.st
y
Package: amsopn 2016/03/08 v2.02 operator names
)
\inf@bad=\count190
LaTeX Info: Redefining \frac on input line 234.
\uproot@=\count191
\leftroot@=\count192
LaTeX Info: Redefining \overline on input line 399.
\classnum@=\count193
\DOTSCASE@=\count194
LaTeX Info: Redefining \ldots on input line 496.
LaTeX Info: Redefining \dots on input line 499.
LaTeX Info: Redefining \cdots on input line 620.
\Mathstrutbox@=\box50
\strutbox@=\box51
\big@size=\dimen141
LaTeX Font Info:    Redeclaring font encoding OML on input line 743.
LaTeX Font Info:    Redeclaring font encoding OMS on input line 744.
\macc@depth=\count195
\c@MaxMatrixCols=\count196
\dotsspace@=\muskip16
\c@parentequation=\count197
\dspbrk@lvl=\count198
\tag@help=\toks17
\row@=\count199
\column@=\count266
\maxfields@=\count267
\andhelp@=\toks18
\eqnshift@=\dimen142
\alignsep@=\dimen143
\tagshift@=\dimen144
\tagwidth@=\dimen145
\totwidth@=\dimen146
\lineht@=\dimen147
\@envbody=\toks19
\multlinegap=\skip50
\multlinetaggap=\skip51
\mathdisplay@stack=\toks20
LaTeX Info: Redefining \[ on input line 2923.
LaTeX Info: Redefining \] on input line 2924.
)
(C:\Users\Juan Jose\AppData\Local\Programs\MiKTeX\tex/latex/base\inputenc.sty
Package: inputenc 2021/02/14 v1.3d Input encoding file
\inpenc@prehook=\toks21
\inpenc@posthook=\toks22
)
(C:\Users\Juan Jose\AppData\Local\Programs\MiKTeX\tex/latex/base\fontenc.sty
Package: fontenc 2021/04/29 v2.0v Standard LaTeX package
)
(C:\Users\Juan Jose\AppData\Local\Programs\MiKTeX\tex/generic/babel\babel.sty
Package: babel 2021/10/13 3.64 The Babel package
\babel@savecnt=\count268
\U@D=\dimen148
\l@unhyphenated=\language79

(C:\Users\Juan Jose\AppData\Local\Programs\MiKTeX\tex/generic/babel\txtbabel.de
f)
\bbl@readstream=\read2
\bbl@dirlevel=\count269

*************************************
* Local config file bblopts.cfg used
*
(C:\Users\Juan Jose\AppData\Local\Programs\MiKTeX\tex/latex/arabi\bblopts.cfg
File: bblopts.cfg 2005/09/08 v0.1 add Arabic and Farsi to "declared" options of
 babel
)
(C:\Users\Juan Jose\AppData\Local\Programs\MiKTeX\tex/latex/babel-english\engli
sh.ldf
Language: english 2017/06/06 v3.3r English support from the babel system
Package babel Info: Hyphen rules for 'canadian' set to \l@english
(babel)             (\language0). Reported on input line 102.
Package babel Info: Hyphen rules for 'australian' set to \l@ukenglish
(babel)             (\language73). Reported on input line 105.
Package babel Info: Hyphen rules for 'newzealand' set to \l@ukenglish
(babel)             (\language73). Reported on input line 108.
)
(C:\Users\Juan Jose\AppData\Local\Programs\MiKTeX\tex/latex/babel-english\engli
sh.ldf
Language: english 2017/06/06 v3.3r English support from the babel system
))
(C:\Users\Juan Jose\AppData\Local\Programs\MiKTeX\tex/latex/graphics\graphicx.s
ty
Package: graphicx 2020/12/05 v1.2c Enhanced LaTeX Graphics (DPC,SPQR)

(C:\Users\Juan Jose\AppData\Local\Programs\MiKTeX\tex/latex/graphics\keyval.sty
Package: keyval 2014/10/28 v1.15 key=value parser (DPC)
\KV@toks@=\toks23
)
(C:\Users\Juan Jose\AppData\Local\Programs\MiKTeX\tex/latex/graphics\graphics.s
ty
Package: graphics 2021/03/04 v1.4d Standard LaTeX Graphics (DPC,SPQR)

(C:\Users\Juan Jose\AppData\Local\Programs\MiKTeX\tex/latex/graphics\trig.sty
Package: trig 2016/01/03 v1.10 sin cos tan (DPC)
)
(C:\Users\Juan Jose\AppData\Local\Programs\MiKTeX\tex/latex/graphics-cfg\graphi
cs.cfg
File: graphics.cfg 2016/06/04 v1.11 sample graphics configuration
)
Package graphics Info: Driver file: pdftex.def on input line 107.

(C:\Users\Juan Jose\AppData\Local\Programs\MiKTeX\tex/latex/graphics-def\pdftex
.def
File: pdftex.def 2020/10/05 v1.2a Graphics/color driver for pdftex
))
\Gin@req@height=\dimen149
\Gin@req@width=\dimen150
)
(C:\Users\Juan Jose\AppData\Local\Programs\MiKTeX\tex/latex/subfigure\subfigure
.sty
Package: subfigure 2002/07/30 v2.1.4 subfigure package
\subfigtopskip=\skip52
\subfigcapskip=\skip53
\subfigcaptopadj=\dimen151
\subfigbottomskip=\skip54
\subfigcapmargin=\dimen152
\subfiglabelskip=\skip55
\c@subfigure=\count270
\c@lofdepth=\count271
\c@subtable=\count272
\c@lotdepth=\count273

****************************************
* Local config file subfigure.cfg used *
****************************************

(C:\Users\Juan Jose\AppData\Local\Programs\MiKTeX\tex/latex/subfigure\subfigure
.cfg)
\subfig@top=\skip56
\subfig@bottom=\skip57
)
(C:\Users\Juan Jose\AppData\Local\Programs\MiKTeX\tex/latex/graphics\lscape.sty
Package: lscape 2020/05/28 v3.02 Landscape Pages (DPC)
)
(C:\Users\Juan Jose\AppData\Local\Programs\MiKTeX\tex/latex/pst-plot\pst-plot.s
ty
Package: pst-plot 2011/06/05 v1.00 LaTeX wrapper for `pst-plot' (HV)

(C:\Users\Juan Jose\AppData\Local\Programs\MiKTeX\tex/latex/pstricks\pstricks.s
ty
Package: pstricks 2021/08/23 v0.71 LaTeX wrapper for `PSTricks' (RN,HV)

(C:\Users\Juan Jose\AppData\Local\Programs\MiKTeX\tex/generic/iftex\iftex.sty
Package: iftex 2020/03/06 v1.0d TeX engine tests
)
(C:\Users\Juan Jose\AppData\Local\Programs\MiKTeX\tex/latex/xcolor\xcolor.sty
Package: xcolor 2016/05/11 v2.12 LaTeX color extensions (UK)

(C:\Users\Juan Jose\AppData\Local\Programs\MiKTeX\tex/latex/graphics-cfg\color.
cfg
File: color.cfg 2016/01/02 v1.6 sample color configuration
)
Package xcolor Info: Driver file: pdftex.def on input line 225.
Package xcolor Info: Model `cmy' substituted by `cmy0' on input line 1348.
Package xcolor Info: Model `hsb' substituted by `rgb' on input line 1352.
Package xcolor Info: Model `RGB' extended on input line 1364.
Package xcolor Info: Model `HTML' substituted by `rgb' on input line 1366.
Package xcolor Info: Model `Hsb' substituted by `hsb' on input line 1367.
Package xcolor Info: Model `tHsb' substituted by `hsb' on input line 1368.
Package xcolor Info: Model `HSB' substituted by `hsb' on input line 1369.
Package xcolor Info: Model `Gray' substituted by `gray' on input line 1370.
Package xcolor Info: Model `wave' substituted by `hsb' on input line 1371.
)
(C:\Users\Juan Jose\AppData\Local\Programs\MiKTeX\tex/generic/xkeyval\pst-xkey.
tex
File: pst-xkey.tex 2005/11/25 v1.6 PSTricks specialization of xkeyval (HA)

(C:\Users\Juan Jose\AppData\Local\Programs\MiKTeX\tex/latex/xkeyval\xkeyval.sty
Package: xkeyval 2020/11/20 v2.8 package option processing (HA)

(C:\Users\Juan Jose\AppData\Local\Programs\MiKTeX\tex/generic/xkeyval\xkeyval.t
ex
(C:\Users\Juan Jose\AppData\Local\Programs\MiKTeX\tex/generic/xkeyval\xkvutils.
tex
\XKV@toks=\toks24
\XKV@tempa@toks=\toks25
)
\XKV@depth=\count274
File: xkeyval.tex 2014/12/03 v2.7a key=value parser (HA)
)))
(C:\Users\Juan Jose\AppData\Local\Programs\MiKTeX\tex/generic/pstricks\pstricks
.tex
(C:\Users\Juan Jose\AppData\Local\Programs\MiKTeX\tex/generic/pstricks\pst-fp.t
ex `pst-fp' v0.06, 2020/11/20 (hv)
\pstFP@xs=\count275
\pstFP@xia=\count276
\pstFP@xib=\count277
\pstFP@xfa=\count278
\pstFP@xfb=\count279
\pstFP@rega=\count280
\pstFP@regb=\count281
\pstFP@regs=\count282
\pstFP@times=\count283
)
(C:\Users\Juan Jose\AppData\Local\Programs\MiKTeX\tex/generic/pgf/utilities\pgf
util-common.tex
\pgfutil@everybye=\toks26
\pgfutil@tempdima=\dimen153
\pgfutil@tempdimb=\dimen154

(C:\Users\Juan Jose\AppData\Local\Programs\MiKTeX\tex/generic/pgf/utilities\pgf
util-common-lists.tex))
(C:\Users\Juan Jose\AppData\Local\Programs\MiKTeX\tex/generic/pgf/utilities\pgf
keys.code.tex
\pgfkeys@pathtoks=\toks27
\pgfkeys@temptoks=\toks28

(C:\Users\Juan Jose\AppData\Local\Programs\MiKTeX\tex/generic/pgf/utilities\pgf
keysfiltered.code.tex
\pgfkeys@tmptoks=\toks29
))
(C:\Users\Juan Jose\AppData\Local\Programs\MiKTeX\tex/generic/pgf/utilities\pgf
for.code.tex
Loading pgffor.code.tex

(C:\Users\Juan Jose\AppData\Local\Programs\MiKTeX\tex/generic/pgf/math\pgfmath.
code.tex
(C:\Users\Juan Jose\AppData\Local\Programs\MiKTeX\tex/generic/pgf/math\pgfmathc
alc.code.tex
(C:\Users\Juan Jose\AppData\Local\Programs\MiKTeX\tex/generic/pgf/math\pgfmathu
til.code.tex
\pgf@x=\dimen155
\pgf@xa=\dimen156
\pgf@xb=\dimen157
\pgf@xc=\dimen158
\pgf@y=\dimen159
\pgf@ya=\dimen160
\pgf@yb=\dimen161
\pgf@yc=\dimen162
\c@pgf@counta=\count284
\c@pgf@countb=\count285
\c@pgf@countc=\count286
\c@pgf@countd=\count287
\pgfutil@tempcnta=\count288
\pgfutil@tempcntb=\count289
)
(C:\Users\Juan Jose\AppData\Local\Programs\MiKTeX\tex/generic/pgf/math\pgfmathp
arser.code.tex
\pgfmath@dimen=\dimen163
\pgfmath@count=\count290
\pgfmath@box=\box52
\pgfmath@toks=\toks30
\pgfmath@stack@operand=\toks31
\pgfmath@stack@operation=\toks32
)
(C:\Users\Juan Jose\AppData\Local\Programs\MiKTeX\tex/generic/pgf/math\pgfmathf
unctions.code.tex
(C:\Users\Juan Jose\AppData\Local\Programs\MiKTeX\tex/generic/pgf/math\pgfmathf
unctions.basic.code.tex)
(C:\Users\Juan Jose\AppData\Local\Programs\MiKTeX\tex/generic/pgf/math\pgfmathf
unctions.trigonometric.code.tex)
(C:\Users\Juan Jose\AppData\Local\Programs\MiKTeX\tex/generic/pgf/math\pgfmathf
unctions.random.code.tex)
(C:\Users\Juan Jose\AppData\Local\Programs\MiKTeX\tex/generic/pgf/math\pgfmathf
unctions.comparison.code.tex)
(C:\Users\Juan Jose\AppData\Local\Programs\MiKTeX\tex/generic/pgf/math\pgfmathf
unctions.base.code.tex)
(C:\Users\Juan Jose\AppData\Local\Programs\MiKTeX\tex/generic/pgf/math\pgfmathf
unctions.round.code.tex)
(C:\Users\Juan Jose\AppData\Local\Programs\MiKTeX\tex/generic/pgf/math\pgfmathf
unctions.misc.code.tex)
(C:\Users\Juan Jose\AppData\Local\Programs\MiKTeX\tex/generic/pgf/math\pgfmathf
unctions.integerarithmetics.code.tex)))
(C:\Users\Juan Jose\AppData\Local\Programs\MiKTeX\tex/generic/pgf/math\pgfmathf
loat.code.tex
\c@pgfmathroundto@lastzeros=\count291
))
\pgffor@iter=\dimen164
\pgffor@skip=\dimen165
\pgffor@stack=\toks33
\pgffor@toks=\toks34
)
\psLoopIndex=\count292

`PSTricks' v3.11  <2021/09/27> (tvz,hv)
\pst@dima=\dimen166
\pst@dimb=\dimen167
\pst@dimc=\dimen168
\pst@dimd=\dimen169
\pst@dimg=\dimen170
\pst@dimh=\dimen171
\pst@dimm=\dimen172
\pst@dimn=\dimen173
\pst@dimo=\dimen174
\pst@dimp=\dimen175
\pst@hbox=\box53
\pst@ibox=\box54
\pst@boxg=\box55
\pst@cnta=\count293
\pst@cntb=\count294
\pst@cntc=\count295
\pst@cntd=\count296
\pst@cntg=\count297
\pst@cnth=\count298
\pst@cntm=\count299
\pst@cntn=\count300
\pst@cnto=\count301
\pst@cntp=\count302
\@zero=\count303
\pst@toks=\toks35
--- We are running latex or xelatex ---

(C:\Users\Juan Jose\AppData\Local\Programs\MiKTeX\tex/generic/pstricks\pstricks
.con)
(C:\Users\Juan Jose\AppData\Local\Programs\MiKTeX\tex/generic/pstricks\pstricks
-color.tex)
\psunit=\dimen176
\psxunit=\dimen177
\psyunit=\dimen178
\pst@C@@rType=\count304
\pslinewidth=\dimen179
\psk@startLW=\dimen180
\psk@endLW=\dimen181

(C:\Users\Juan Jose\AppData\Local\Programs\MiKTeX\tex/generic/pstricks\pstricks
-arrows.tex
\pshooklength=\dimen182
\pshookwidth=\dimen183
)
\pst@customdefs=\toks36

(C:\Users\Juan Jose\AppData\Local\Programs\MiKTeX\tex/generic/pstricks\pstricks
-dots.tex)
\pslinearc=\dimen184
\pst@symbolStep=\dimen185
\pst@symbolWidth=\dimen186
\pst@symbolLinewidth=\dimen187
\everypsbox=\toks37
\psframesep=\dimen188
\pslabelsep=\dimen189
\sh@wgridXunit=\dimen190
\sh@wgridYunit=\dimen191
\pst@shift=\dimen192

(C:\Users\Juan Jose\AppData\Local\Programs\MiKTeX\tex/generic/pstricks\pstricks
.con))
File: pstricks.tex 2021/09/27 v3.11 `PSTricks' (tvz,hv)

(C:\Users\Juan Jose\AppData\Local\Programs\MiKTeX\tex/generic/pstricks\pst-fp.t
ex `pst-fp' v0.06, 2020/11/20 (hv))
File: pst-fp.tex 2020/11/20 v0.06 `PST-fp' (hv)
)
(C:\Users\Juan Jose\AppData\Local\Programs\MiKTeX\tex/latex/xkeyval\pst-xkey.st
y
Package: pst-xkey 2005/11/25 v1.6 package wrapper for pst-xkey.tex (HA)
)
(C:\Users\Juan Jose\AppData\Local\Programs\MiKTeX\tex/latex/multido\multido.sty
Package: multido 2004/05/17 package wrapper for PSTricks `multido.tex', (HV/RN)


(C:\Users\Juan Jose\AppData\Local\Programs\MiKTeX\tex/generic/multido\multido.t
ex  v1.42, 2010/05/14 <tvz>
\multido@count=\count305
\multidocount=\count306
\multido@stuff=\toks38
)
File: multido.tex 2010/05/14 v1.42 `multido' (tvz,hv)
)
Package: pst-plot 2021/09/23 package wrapper for pst-plot.tex (hv)

(C:\Users\Juan Jose\AppData\Local\Programs\MiKTeX\tex/generic/pst-plot\pst-plot
.tex
(C:\Users\Juan Jose\AppData\Local\Programs\MiKTeX\tex/generic/pst-tools\pst-too
ls.tex `PST-tools' v0.12, 2021/09/23 (hv)
\randomi=\count307
\ranval=\count308
)
(C:\Users\Juan Jose\AppData\Local\Programs\MiKTeX\tex/generic/pstricks-add\pstr
icks-add.tex
(C:\Users\Juan Jose\AppData\Local\Programs\MiKTeX\tex/generic/pst-node\pst-node
.tex  v1.42a, 2020/04/01
\psrow=\count309
\pscol=\count310
\psmatrixcnt=\count311
\psrowsep=\skip58
\pscolsep=\skip59
\pst@args=\count312
\num@pts=\count313
\pst@argcnt=\count314
)
(C:\Users\Juan Jose\AppData\Local\Programs\MiKTeX\tex/generic/pst-arrow\pst-arr
ow.tex `pst-arrow' v0.04, 2021/08/25 (dr,hv))
(C:\Users\Juan Jose\AppData\Local\Programs\MiKTeX\tex/generic/pst-3d\pst-3d.tex
`PST-3d' v1.11, 2010/02/14 (tvz))
(C:\Users\Juan Jose\AppData\Local\Programs\MiKTeX\tex/generic/pst-math\pst-math
.tex `pst-math' v0.64 , (CJ,hv)) `pstricks-add' v3.91, 2021/09/25 (dr,hv)
\psparallelogramsep=\dimen193
\pst@cntC=\count315
\pst@stepcount=\count316
\chart@ColorIndex=\dimen194
\chart@ColorStep=\dimen195
\pst@chartHeight=\dimen196
\pst@chartStackDepth=\dimen197
\pst@chartStackWidth=\dimen198
\chart@Toggle=\count317
\psVectorCtr=\count318
)
 v1.93, 2021/09/23 (tvz,hv)
\pstRadUnit=\dimen199
\pstRadUnitInv=\dimen256
\pst@linecnt=\count319
\RCD@file=\read3
\psxlabelsep=\dimen257
\psylabelsep=\dimen258
\psk@subticksize=\dimen259
\pst@xticksizeA=\dimen260
\pst@xticksizeB=\dimen261
\pst@xticksizeC=\dimen262
\pst@yticksizeA=\dimen263
\pst@yticksizeB=\dimen264
\pst@yticksizeC=\dimen265
\@digitcounter=\count320
\psk@llx=\dimen266
\psk@lly=\dimen267
\psk@urx=\dimen268
\psk@ury=\dimen269
\pst@xunit=\dimen270
\pst@yunit=\dimen271
)
File: pst-plot.tex 2021/09/23 1.93 `pst-plot' (tvz,hv)
)
(C:\Users\Juan Jose\AppData\Local\Programs\MiKTeX\tex/latex/fancybox\fancybox.s
ty
Package: fancybox 2010/05/15 1.4

Style option: `fancybox' v1.4 <2010/05/15> (tvz)
\@fancybox=\box56
\shadowsize=\dimen272
\@Sbox=\box57
\do@VerbBox=\toks39
\the@fancyput=\toks40
\this@fancyput=\toks41
\EndVerbatimTokens=\toks42
\Verbatim@Outfile=\write3
\Verbatim@Infile=\read4
)
(C:\Users\Juan Jose\AppData\Local\Programs\MiKTeX\tex/latex/amsfonts\amssymb.st
y
Package: amssymb 2013/01/14 v3.01 AMS font symbols

(C:\Users\Juan Jose\AppData\Local\Programs\MiKTeX\tex/latex/amsfonts\amsfonts.s
ty
Package: amsfonts 2013/01/14 v3.01 Basic AMSFonts support
\symAMSa=\mathgroup4
\symAMSb=\mathgroup5
LaTeX Font Info:    Redeclaring math symbol \hbar on input line 98.
LaTeX Font Info:    Overwriting math alphabet `\mathfrak' in version `bold'
(Font)                  U/euf/m/n --> U/euf/b/n on input line 106.
))
(C:\Users\Juan Jose\AppData\Local\Programs\MiKTeX\tex/latex/booktabs\booktabs.s
ty
Package: booktabs 2020/01/12 v1.61803398 Publication quality tables
\heavyrulewidth=\dimen273
\lightrulewidth=\dimen274
\cmidrulewidth=\dimen275
\belowrulesep=\dimen276
\belowbottomsep=\dimen277
\aboverulesep=\dimen278
\abovetopsep=\dimen279
\cmidrulesep=\dimen280
\cmidrulekern=\dimen281
\defaultaddspace=\dimen282
\@cmidla=\count321
\@cmidlb=\count322
\@aboverulesep=\dimen283
\@belowrulesep=\dimen284
\@thisruleclass=\count323
\@lastruleclass=\count324
\@thisrulewidth=\dimen285
)
(C:\Users\Juan Jose\AppData\Local\Programs\MiKTeX\tex/latex/tools\longtable.sty
Package: longtable 2020/01/07 v4.13 Multi-page Table package (DPC)
\LTleft=\skip60
\LTright=\skip61
\LTpre=\skip62
\LTpost=\skip63
\LTchunksize=\count325
\LTcapwidth=\dimen286
\LT@head=\box58
\LT@firsthead=\box59
\LT@foot=\box60
\LT@lastfoot=\box61
\LT@cols=\count326
\LT@rows=\count327
\c@LT@tables=\count328
\c@LT@chunks=\count329
\LT@p@ftn=\toks43
)
(C:\Users\Juan Jose\AppData\Local\Programs\MiKTeX\tex/latex/adjustbox\adjustbox
.sty
Package: adjustbox 2020/08/19 v1.3 Adjusting TeX boxes (trim, clip, ...)

(C:\Users\Juan Jose\AppData\Local\Programs\MiKTeX\tex/latex/adjustbox\adjcalc.s
ty
Package: adjcalc 2012/05/16 v1.1 Provides advanced setlength with multiple back
-ends (calc, etex, pgfmath)
)
(C:\Users\Juan Jose\AppData\Local\Programs\MiKTeX\tex/latex/adjustbox\trimclip.
sty
Package: trimclip 2020/08/19 v1.2 Trim and clip general TeX material

(C:\Users\Juan Jose\AppData\Local\Programs\MiKTeX\tex/latex/collectbox\collectb
ox.sty
Package: collectbox 2012/05/17 v0.4b Collect macro arguments as boxes
\collectedbox=\box62
)
\tc@llx=\dimen287
\tc@lly=\dimen288
\tc@urx=\dimen289
\tc@ury=\dimen290


! LaTeX Error: Command \clipbox already defined.
               Or name \end... illegal, see p.192 of the manual.

See the LaTeX manual or LaTeX Companion for explanation.
Type  H <return>  for immediate help.
 ...                                              
                                                  
l.100 }
       
Your command was ignored.
Type  I <command> <return>  to replace it with another command,
or  <return>  to continue without it.

Package trimclip Info: Using driver 'tc-pdftex.def'.

(C:\Users\Juan Jose\AppData\Local\Programs\MiKTeX\tex/latex/adjustbox\tc-pdftex
.def
File: tc-pdftex.def 2019/01/04 v2.2 Clipping driver for pdftex
))
\adjbox@Width=\dimen291
\adjbox@Height=\dimen292
\adjbox@Depth=\dimen293
\adjbox@Totalheight=\dimen294
\adjbox@pwidth=\dimen295
\adjbox@pheight=\dimen296
\adjbox@pdepth=\dimen297
\adjbox@ptotalheight=\dimen298

(C:\Users\Juan Jose\AppData\Local\Programs\MiKTeX\tex/latex/ifoddpage\ifoddpage
.sty
Package: ifoddpage 2016/04/23 v1.1 Conditionals for odd/even page detection
\c@checkoddpage=\count330
)
(C:\Users\Juan Jose\AppData\Local\Programs\MiKTeX\tex/latex/varwidth\varwidth.s
ty
Package: varwidth 2009/03/30 ver 0.92;  Variable-width minipages
\@vwid@box=\box63
\sift@deathcycles=\count331
\@vwid@loff=\dimen299
\@vwid@roff=\dimen300
))
(C:\Users\Juan Jose\AppData\Local\Programs\MiKTeX\tex/latex/multirow\multirow.s
ty
Package: multirow 2021/03/15 v2.8 Span multiple rows of a table
\multirow@colwidth=\skip64
\multirow@cntb=\count332
\multirow@dima=\skip65
\bigstrutjot=\dimen301
) (C:\Users\Juan Jose\AppData\Local\Programs\MiKTeX\tex/latex/float\float.sty
Package: float 2001/11/08 v1.3d Float enhancements (AL)
\c@float@type=\count333
\float@exts=\toks44
\float@box=\box64
\@float@everytoks=\toks45
\@floatcapt=\box65
) (C:\Users\Juan Jose\AppData\Local\Programs\MiKTeX\tex/latex/lipsum\lipsum.sty

(C:\Users\Juan Jose\AppData\Local\Programs\MiKTeX\tex/latex/l3packages/l3keys2e
\l3keys2e.sty
(C:\Users\Juan Jose\AppData\Local\Programs\MiKTeX\tex/latex/l3kernel\expl3.sty
Package: expl3 2021-10-12 L3 programming layer (loader) 

(C:\Users\Juan Jose\AppData\Local\Programs\MiKTeX\tex/latex/l3backend\l3backend
-pdftex.def
File: l3backend-pdftex.def 2021-10-12 L3 backend support: PDF output (pdfTeX)
\l__color_backend_stack_int=\count334
\l__pdf_internal_box=\box66
))
Package: l3keys2e 2021-08-27 LaTeX2e option processing using LaTeX3 keys
)
Package: lipsum 2021-09-20 v2.7 150 paragraphs of Lorem Ipsum dummy text
\g__lipsum_par_int=\count335
\l__lipsum_a_int=\count336
\l__lipsum_b_int=\count337

(C:\Users\Juan Jose\AppData\Local\Programs\MiKTeX\tex/latex/lipsum\lipsum.ltd.t
ex))
(C:\Users\Juan Jose\AppData\Local\Programs\MiKTeX\tex/latex/hyperref\hyperref.s
ty
Package: hyperref 2021-06-07 v7.00m Hypertext links for LaTeX

(C:\Users\Juan Jose\AppData\Local\Programs\MiKTeX\tex/generic/ltxcmds\ltxcmds.s
ty
Package: ltxcmds 2020-05-10 v1.25 LaTeX kernel commands for general use (HO)
)
(C:\Users\Juan Jose\AppData\Local\Programs\MiKTeX\tex/generic/pdftexcmds\pdftex
cmds.sty
Package: pdftexcmds 2020-06-27 v0.33 Utility functions of pdfTeX for LuaTeX (HO
)

(C:\Users\Juan Jose\AppData\Local\Programs\MiKTeX\tex/generic/infwarerr\infware
rr.sty
Package: infwarerr 2019/12/03 v1.5 Providing info/warning/error messages (HO)
)
Package pdftexcmds Info: \pdf@primitive is available.
Package pdftexcmds Info: \pdf@ifprimitive is available.
Package pdftexcmds Info: \pdfdraftmode found.
)
(C:\Users\Juan Jose\AppData\Local\Programs\MiKTeX\tex/generic/kvsetkeys\kvsetke
ys.sty
Package: kvsetkeys 2019/12/15 v1.18 Key value parser (HO)
)
(C:\Users\Juan Jose\AppData\Local\Programs\MiKTeX\tex/generic/kvdefinekeys\kvde
finekeys.sty
Package: kvdefinekeys 2019-12-19 v1.6 Define keys (HO)
)
(C:\Users\Juan Jose\AppData\Local\Programs\MiKTeX\tex/generic/pdfescape\pdfesca
pe.sty
Package: pdfescape 2019/12/09 v1.15 Implements pdfTeX's escape features (HO)
)
(C:\Users\Juan Jose\AppData\Local\Programs\MiKTeX\tex/latex/hycolor\hycolor.sty
Package: hycolor 2020-01-27 v1.10 Color options for hyperref/bookmark (HO)
)
(C:\Users\Juan Jose\AppData\Local\Programs\MiKTeX\tex/latex/letltxmacro\letltxm
acro.sty
Package: letltxmacro 2019/12/03 v1.6 Let assignment for LaTeX macros (HO)
)
(C:\Users\Juan Jose\AppData\Local\Programs\MiKTeX\tex/latex/auxhook\auxhook.sty
Package: auxhook 2019-12-17 v1.6 Hooks for auxiliary files (HO)
)
(C:\Users\Juan Jose\AppData\Local\Programs\MiKTeX\tex/latex/kvoptions\kvoptions
.sty
Package: kvoptions 2020-10-07 v3.14 Key value format for package options (HO)
)
\@linkdim=\dimen302
\Hy@linkcounter=\count338
\Hy@pagecounter=\count339

(C:\Users\Juan Jose\AppData\Local\Programs\MiKTeX\tex/latex/hyperref\pd1enc.def
File: pd1enc.def 2021-06-07 v7.00m Hyperref: PDFDocEncoding definition (HO)
Now handling font encoding PD1 ...
... no UTF-8 mapping file for font encoding PD1
)
(C:\Users\Juan Jose\AppData\Local\Programs\MiKTeX\tex/latex/hyperref\hyperref-l
angpatches.def
File: hyperref-langpatches.def 2021-06-07 v7.00m Hyperref: patches for babel la
nguages
)
(C:\Users\Juan Jose\AppData\Local\Programs\MiKTeX\tex/generic/intcalc\intcalc.s
ty
Package: intcalc 2019/12/15 v1.3 Expandable calculations with integers (HO)
)
(C:\Users\Juan Jose\AppData\Local\Programs\MiKTeX\tex/generic/etexcmds\etexcmds
.sty
Package: etexcmds 2019/12/15 v1.7 Avoid name clashes with e-TeX commands (HO)
)
\Hy@SavedSpaceFactor=\count340

(C:\Users\Juan Jose\AppData\Local\Programs\MiKTeX\tex/latex/hyperref\puenc.def
File: puenc.def 2021-06-07 v7.00m Hyperref: PDF Unicode definition (HO)
Now handling font encoding PU ...
... no UTF-8 mapping file for font encoding PU
)
Package hyperref Info: Option `colorlinks' set `false' on input line 4073.
Package hyperref Info: Hyper figures OFF on input line 4192.
Package hyperref Info: Link nesting OFF on input line 4197.
Package hyperref Info: Hyper index ON on input line 4200.
Package hyperref Info: Plain pages OFF on input line 4207.
Package hyperref Info: Backreferencing OFF on input line 4212.
Package hyperref Info: Implicit mode ON; LaTeX internals redefined.
Package hyperref Info: Bookmarks ON on input line 4445.
\c@Hy@tempcnt=\count341
(C:\Users\Juan Jose\AppData\Local\Programs\MiKTeX\tex/latex/url\url.sty
\Urlmuskip=\muskip17
Package: url 2013/09/16  ver 3.4  Verb mode for urls, etc.
)
LaTeX Info: Redefining \url on input line 4804.
\XeTeXLinkMargin=\dimen303

(C:\Users\Juan Jose\AppData\Local\Programs\MiKTeX\tex/generic/bitset\bitset.sty
Package: bitset 2019/12/09 v1.3 Handle bit-vector datatype (HO)

(C:\Users\Juan Jose\AppData\Local\Programs\MiKTeX\tex/generic/bigintcalc\bigint
calc.sty
Package: bigintcalc 2019/12/15 v1.5 Expandable calculations on big integers (HO
)
))
\Fld@menulength=\count342
\Field@Width=\dimen304
\Fld@charsize=\dimen305
Package hyperref Info: Hyper figures OFF on input line 6076.
Package hyperref Info: Link nesting OFF on input line 6081.
Package hyperref Info: Hyper index ON on input line 6084.
Package hyperref Info: backreferencing OFF on input line 6091.
Package hyperref Info: Link coloring OFF on input line 6096.
Package hyperref Info: Link coloring with OCG OFF on input line 6101.
Package hyperref Info: PDF/A mode OFF on input line 6106.
LaTeX Info: Redefining \ref on input line 6146.
LaTeX Info: Redefining \pageref on input line 6150.

(C:\Users\Juan Jose\AppData\Local\Programs\MiKTeX\tex/latex/base\atbegshi-ltx.s
ty
Package: atbegshi-ltx 2021/01/10 v1.0c Emulation of the original atbegshi
package with kernel methods
)
\Hy@abspage=\count343
\c@Item=\count344
\c@Hfootnote=\count345


LaTeX Warning: Command \LT@p@ftntext  has changed.
               Check if current package is valid.

)
Package hyperref Info: Driver (autodetected): hpdftex.

(C:\Users\Juan Jose\AppData\Local\Programs\MiKTeX\tex/latex/hyperref\hpdftex.de
f
File: hpdftex.def 2021-06-07 v7.00m Hyperref driver for pdfTeX

(C:\Users\Juan Jose\AppData\Local\Programs\MiKTeX\tex/latex/base\atveryend-ltx.
sty
Package: atveryend-ltx 2020/08/19 v1.0a Emulation of the original atvery packag
e
with kernel methods
)
\Fld@listcount=\count346
\c@bookmark@seq@number=\count347

(C:\Users\Juan Jose\AppData\Local\Programs\MiKTeX\tex/latex/rerunfilecheck\reru
nfilecheck.sty
Package: rerunfilecheck 2019/12/05 v1.9 Rerun checks for auxiliary files (HO)

(C:\Users\Juan Jose\AppData\Local\Programs\MiKTeX\tex/generic/uniquecounter\uni
quecounter.sty
Package: uniquecounter 2019/12/15 v1.4 Provide unlimited unique counter (HO)
)
Package uniquecounter Info: New unique counter `rerunfilecheck' on input line 2
86.
)
\Hy@SectionHShift=\skip66
)
(C:\Users\Juan Jose\AppData\Local\Programs\MiKTeX\tex/latex/geometry\geometry.s
ty
Package: geometry 2020/01/02 v5.9 Page Geometry

(C:\Users\Juan Jose\AppData\Local\Programs\MiKTeX\tex/generic/iftex\ifvtex.sty
Package: ifvtex 2019/10/25 v1.7 ifvtex legacy package. Use iftex instead.
)
\Gm@cnth=\count348
\Gm@cntv=\count349
\c@Gm@tempcnt=\count350
\Gm@bindingoffset=\dimen306
\Gm@wd@mp=\dimen307
\Gm@odd@mp=\dimen308
\Gm@even@mp=\dimen309
\Gm@layoutwidth=\dimen310
\Gm@layoutheight=\dimen311
\Gm@layouthoffset=\dimen312
\Gm@layoutvoffset=\dimen313
\Gm@dimlist=\toks46

(C:\Users\Juan Jose\AppData\Local\Programs\MiKTeX\tex/latex/geometry\geometry.c
fg)) (progress_2.aux)
\openout1 = `progress_2.aux'.

LaTeX Font Info:    Checking defaults for OML/cmm/m/it on input line 52.
LaTeX Font Info:    ... okay on input line 52.
LaTeX Font Info:    Checking defaults for OMS/cmsy/m/n on input line 52.
LaTeX Font Info:    ... okay on input line 52.
LaTeX Font Info:    Checking defaults for OT1/cmr/m/n on input line 52.
LaTeX Font Info:    ... okay on input line 52.
LaTeX Font Info:    Checking defaults for T1/cmr/m/n on input line 52.
LaTeX Font Info:    ... okay on input line 52.
LaTeX Font Info:    Checking defaults for TS1/cmr/m/n on input line 52.
LaTeX Font Info:    ... okay on input line 52.
LaTeX Font Info:    Checking defaults for OMX/cmex/m/n on input line 52.
LaTeX Font Info:    ... okay on input line 52.
LaTeX Font Info:    Checking defaults for U/cmr/m/n on input line 52.
LaTeX Font Info:    ... okay on input line 52.
LaTeX Font Info:    Checking defaults for PD1/pdf/m/n on input line 52.
LaTeX Font Info:    ... okay on input line 52.
LaTeX Font Info:    Checking defaults for PU/pdf/m/n on input line 52.
LaTeX Font Info:    ... okay on input line 52.

(C:\Users\Juan Jose\AppData\Local\Programs\MiKTeX\tex/context/base/mkii\supp-pd
f.mkii
[Loading MPS to PDF converter (version 2006.09.02).]
\scratchcounter=\count351
\scratchdimen=\dimen314
\scratchbox=\box67
\nofMPsegments=\count352
\nofMParguments=\count353
\everyMPshowfont=\toks47
\MPscratchCnt=\count354
\MPscratchDim=\dimen315
\MPnumerator=\count355
\makeMPintoPDFobject=\count356
\everyMPtoPDFconversion=\toks48
)
(C:\Users\Juan Jose\AppData\Local\Programs\MiKTeX\tex/latex/epstopdf-pkg\epstop
df-base.sty
Package: epstopdf-base 2020-01-24 v2.11 Base part for package epstopdf
Package epstopdf-base Info: Redefining graphics rule for `.eps' on input line 4
85.

(C:\Users\Juan Jose\AppData\Local\Programs\MiKTeX\tex/latex/00miktex\epstopdf-s
ys.cfg
File: epstopdf-sys.cfg 2021/03/18 v2.0 Configuration of epstopdf for MiKTeX
))
Package hyperref Info: Link coloring OFF on input line 52.

(C:\Users\Juan Jose\AppData\Local\Programs\MiKTeX\tex/latex/hyperref\nameref.st
y
Package: nameref 2021-04-02 v2.47 Cross-referencing by name of section

(C:\Users\Juan Jose\AppData\Local\Programs\MiKTeX\tex/latex/refcount\refcount.s
ty
Package: refcount 2019/12/15 v3.6 Data extraction from label references (HO)
)
(C:\Users\Juan Jose\AppData\Local\Programs\MiKTeX\tex/generic/gettitlestring\ge
ttitlestring.sty
Package: gettitlestring 2019/12/15 v1.6 Cleanup title references (HO)
)
\c@section@level=\count357
)
LaTeX Info: Redefining \ref on input line 52.
LaTeX Info: Redefining \pageref on input line 52.
LaTeX Info: Redefining \nameref on input line 52.
 (progress_2.out) (progress_2.out)
\@outlinefile=\write4
\openout4 = `progress_2.out'.


*geometry* driver: auto-detecting
*geometry* detected driver: pdftex
*geometry* verbose mode - [ preamble ] result:
* driver: pdftex
* paper: a4paper
* layout: <same size as paper>
* layoutoffset:(h,v)=(0.0pt,0.0pt)
* modes: includehead 
* h-part:(L,W,R)=(71.13188pt, 455.24411pt, 71.13188pt)
* v-part:(T,H,B)=(71.13188pt, 702.78308pt, 71.13188pt)
* \paperwidth=597.50787pt
* \paperheight=845.04684pt
* \textwidth=455.24411pt
* \textheight=665.78308pt
* \oddsidemargin=-1.1381pt
* \evensidemargin=-1.1381pt
* \topmargin=-1.1381pt
* \headheight=12.0pt
* \headsep=25.0pt
* \topskip=12.0pt
* \footskip=30.0pt
* \marginparwidth=35.0pt
* \marginparsep=10.0pt
* \columnsep=10.0pt
* \skip\footins=10.8pt plus 4.0pt minus 2.0pt
* \hoffset=0.0pt
* \voffset=0.0pt
* \mag=1000
* \@twocolumnfalse
* \@twosidefalse
* \@mparswitchfalse
* \@reversemarginfalse
* (1in=72.27pt=25.4mm, 1cm=28.453pt)

LaTeX Font Info:    Trying to load font information for U+msa on input line 61.

(C:\Users\Juan Jose\AppData\Local\Programs\MiKTeX\tex/latex/amsfonts\umsa.fd
File: umsa.fd 2013/01/14 v3.01 AMS symbols A
)
LaTeX Font Info:    Trying to load font information for U+msb on input line 61.


(C:\Users\Juan Jose\AppData\Local\Programs\MiKTeX\tex/latex/amsfonts\umsb.fd
File: umsb.fd 2013/01/14 v3.01 AMS symbols B
)
Overfull \hbox (20.40813pt too wide) in paragraph at lines 76--83
[][]
 []

[1
Non-PDF special ignored!
<special> header=pstricks.pro
Non-PDF special ignored!
<special> header=pst-algparser.pro
Non-PDF special ignored!
<special> header=pst-tools.pro
Non-PDF special ignored!
<special> header=pst-dots.pro
Non-PDF special ignored!
<special> header=pst-node.pro
Non-PDF special ignored!
<special> header=pst-3d.pro
Non-PDF special ignored!
<special> header=pst-math.pro
Non-PDF special ignored!
<special> header=pstricks-add.pro

Non-PDF special ignored!
<special> ps: /pssetRGBcolor /setrgbcolor load def /pssetCMYKcolor /setcmyk...
Non-PDF special ignored!
<special> ps:tx@Dict begin  gsave STV CP T /ps@rot 0 def grestore  end
Non-PDF special ignored!
<special> ps:tx@Dict begin  gsave STV CP T /ps@refangle 0.  def grestore  e...
Non-PDF special ignored!
<special> ps:0.8 setlinewidth 0 setgray
Non-PDF special ignored!
<special> ps:tx@Dict begin  gsave STV CP T /ps@rot 0 def grestore  end
{C:/Users/Juan Jose/AppData/Local/MiKTeX/pdftex/config/pdftex.map}]pdfTeX warni
ng (ext4): destination with the same identifier (name{page.1}) has been already
 used, duplicate ignored
<to be read again> 
                   \relax 
l.96 	
       [1] (progress_2.toc)
\tf@toc=\write5
\openout5 = `progress_2.toc'.

 [1] (progress_2.lof)
\tf@lof=\write6
\openout6 = `progress_2.lof'.

 (progress_2.lot)
\tf@lot=\write7
\openout7 = `progress_2.lot'.

 [2]pdfTeX warning (ext4): destination with the same identifier (name{page.1}) 
has been already used, duplicate ignored
<to be read again> 
                   \relax 
l.126 
       [1] [2]
Underfull \hbox (badness 10000) in paragraph at lines 156--157

 []


Overfull \hbox (4.46046pt too wide) in paragraph at lines 160--161
\T1/cmr/m/n/12 1942) who ex-plored these dif-fer-ences and pi-o-neered the pro-
posal of dif-fer-en-ti-ated archetypes
 []

[3] [4] [5] [6] [7] [8] [9] [10] [11]
Overfull \hbox (13.55168pt too wide) in alignment at lines 245--259
 [] [] [] [] 
 []

[12] [13] [14] [15]
<images/cluster.png, id=193, 1096.095pt x 697.60625pt>
File: images/cluster.png Graphic file (type png)
<use images/cluster.png>
Package pdftex.def Info: images/cluster.png  used on input line 319.
(pdftex.def)             Requested size: 493.23819pt x 313.9199pt.

Overfull \hbox (37.99408pt too wide) in paragraph at lines 319--321
 [][] 
 []

[16 <./images/cluster.png>] [17]
<images/sta.png, id=207, 1096.095pt x 697.60625pt>
File: images/sta.png Graphic file (type png)
<use images/sta.png>
Package pdftex.def Info: images/sta.png  used on input line 362.
(pdftex.def)             Requested size: 493.23819pt x 313.9199pt.

Overfull \hbox (37.99408pt too wide) in paragraph at lines 362--364
 [][] 
 []

[18]
<images/pcon.png, id=212, 1096.095pt x 640.3925pt>
File: images/pcon.png Graphic file (type png)
<use images/pcon.png>
Package pdftex.def Info: images/pcon.png  used on input line 373.
(pdftex.def)             Requested size: 493.23819pt x 288.17395pt.

Overfull \hbox (37.99408pt too wide) in paragraph at lines 373--375
 [][] 
 []

[19 <./images/sta.png>]
<images/to.png, id=218, 1096.095pt x 640.3925pt>
File: images/to.png Graphic file (type png)
<use images/to.png>
Package pdftex.def Info: images/to.png  used on input line 384.
(pdftex.def)             Requested size: 493.23819pt x 288.17395pt.

Overfull \hbox (37.99408pt too wide) in paragraph at lines 384--386
 [][] 
 []

[20 <./images/pcon.png>] [21 <./images/to.png>] [22] [23] [24] [25] [26]
[27] [28] [29]
Underfull \vbox (badness 10000) detected at line 547
 []

[30]
Underfull \vbox (badness 10000) detected at line 608
 []

[31] [32] [33]
Underfull \vbox (badness 10000) detected at line 686
 []

[34] [35] [36] (progress_2.aux)
Package rerunfilecheck Info: File `progress_2.out' has not changed.
(rerunfilecheck)             Checksum: 9113E72EE32AF6EB174B9F517FB67883;2124.
 )
(\end occurred inside a group at level 1)

### simple group (level 1) entered at line 432 ({)
### bottom level 
Here is how much of TeX's memory you used:
 21877 strings out of 478927
 367316 string characters out of 2850602
 851080 words of memory out of 3000000
 39271 multiletter control sequences out of 15000+600000
 421250 words of font info for 72 fonts, out of 8000000 for 9000
 1141 hyphenation exceptions out of 8191
 70i,11n,81p,1168b,527s stack positions out of 5000i,500n,10000p,200000b,80000s
 <C:\Users\Juan Jose\AppData\Local\MiKTeX\fonts/pk/ljfour/jknap
pen/ec/dpi600\ecrm0800.pk> <C:\Users\Juan Jose\AppData\Local\MiKTeX\fonts/pk/lj
four/jknappen/ec/dpi600\ecbx1200.pk> <C:\Users\Juan Jose\AppData\Local\MiKTeX\f
onts/pk/ljfour/jknappen/ec/dpi600\ecbx1728.pk> <C:\Users\Juan Jose\AppData\Loca
l\MiKTeX\fonts/pk/ljfour/jknappen/ec/dpi600\ecrm0700.pk> <C:\Users\Juan Jose\Ap
pData\Local\MiKTeX\fonts/pk/ljfour/jknappen/ec/dpi600\ecrm1200.pk> <C:\Users\Ju
an Jose\AppData\Local\MiKTeX\fonts/pk/ljfour/jknappen/ec/dpi600\ecrm1095.pk> <C
:\Users\Juan Jose\AppData\Local\MiKTeX\fonts/pk/ljfour/jknappen/ec/dpi600\ecbx1
095.pk> <C:\Users\Juan Jose\AppData\Local\MiKTeX\fonts/pk/ljfour/jknappen/ec/dp
i600\ecrm1000.pk> <C:\Users\Juan Jose\AppData\Local\MiKTeX\fonts/pk/ljfour/jkna
ppen/ec/dpi600\ecrm1440.pk> <C:\Users\Juan Jose\AppData\Local\MiKTeX\fonts/pk/l
jfour/jknappen/ec/dpi600\ecti1200.pk> <C:\Users\Juan Jose\AppData\Local\MiKTeX\
fonts/pk/ljfour/jknappen/ec/dpi600\ecbx1440.pk> <C:\Users\Juan Jose\AppData\Loc
al\MiKTeX\fonts/pk/ljfour/jknappen/ec/dpi600\ecrm2074.pk><C:/Users/Juan Jose/Ap
pData/Local/Programs/MiKTeX/fonts/type1/public/amsfonts/cm/cmmi12.pfb><C:/Users
/Juan Jose/AppData/Local/Programs/MiKTeX/fonts/type1/public/amsfonts/cm/cmmi8.p
fb><C:/Users/Juan Jose/AppData/Local/Programs/MiKTeX/fonts/type1/public/amsfont
s/cm/cmr12.pfb><C:/Users/Juan Jose/AppData/Local/Programs/MiKTeX/fonts/type1/pu
blic/amsfonts/cm/cmr8.pfb><C:/Users/Juan Jose/AppData/Local/Programs/MiKTeX/fon
ts/type1/public/amsfonts/cm/cmsy10.pfb>
Output written on progress_2.pdf (40 pages, 520642 bytes).
PDF statistics:
 821 PDF objects out of 1000 (max. 8388607)
 82 named destinations out of 1000 (max. 500000)
 117 words of extra memory for PDF output out of 10000 (max. 10000000)

